<?xml version="1.0" encoding="UTF-8"?>
<robot generator="Robot 3.2.2 (Python 3.9.0 on win32)" generated="20201228 00:58:15.245" rpa="false">
<suite id="s1" name="Navigational" source="C:\Users\vikky\PycharmProjects\Automation\TestCases\Navigational.robot">
<test id="s1-t1" name="NavigationalTest">
<kw name="Open Browser" library="SeleniumLibrary">
<doc>Opens a new browser instance to the optional ``url``.</doc>
<arguments>
<arg>https://www.google.com/</arg>
<arg>chrome</arg>
</arguments>
<msg timestamp="20201228 00:58:15.552" level="INFO">Opening browser 'chrome' to base url 'https://www.google.com/'.</msg>
<status status="PASS" starttime="20201228 00:58:15.552" endtime="20201228 00:58:20.449"></status>
</kw>
<kw name="Get Location" library="SeleniumLibrary">
<doc>Returns the current browser window URL.</doc>
<assign>
<var>${loc}</var>
</assign>
<msg timestamp="20201228 00:58:20.458" level="INFO">${loc} = https://www.google.com/</msg>
<status status="PASS" starttime="20201228 00:58:20.450" endtime="20201228 00:58:20.458"></status>
</kw>
<kw name="Log To Console" library="BuiltIn">
<doc>Logs the given message to the console.</doc>
<arguments>
<arg>${loc}</arg>
</arguments>
<status status="PASS" starttime="20201228 00:58:20.459" endtime="20201228 00:58:20.460"></status>
</kw>
<kw name="Sleep" library="BuiltIn">
<doc>Pauses the test executed for the given time.</doc>
<arguments>
<arg>2</arg>
</arguments>
<msg timestamp="20201228 00:58:22.463" level="INFO">Slept 2 seconds</msg>
<status status="PASS" starttime="20201228 00:58:20.461" endtime="20201228 00:58:22.463"></status>
</kw>
<kw name="Go To" library="SeleniumLibrary">
<doc>Navigates the current browser window to the provided ``url``.</doc>
<arguments>
<arg>https://www.bing.com/</arg>
</arguments>
<msg timestamp="20201228 00:58:22.465" level="INFO">Opening url 'https://www.bing.com/'</msg>
<status status="PASS" starttime="20201228 00:58:22.465" endtime="20201228 00:58:22.868"></status>
</kw>
<kw name="Get Location" library="SeleniumLibrary">
<doc>Returns the current browser window URL.</doc>
<assign>
<var>${loc}</var>
</assign>
<msg timestamp="20201228 00:58:22.877" level="INFO">${loc} = https://www.bing.com/</msg>
<status status="PASS" starttime="20201228 00:58:22.869" endtime="20201228 00:58:22.878"></status>
</kw>
<kw name="Log To Console" library="BuiltIn">
<doc>Logs the given message to the console.</doc>
<arguments>
<arg>${loc}</arg>
</arguments>
<status status="PASS" starttime="20201228 00:58:22.878" endtime="20201228 00:58:22.879"></status>
</kw>
<kw name="Sleep" library="BuiltIn">
<doc>Pauses the test executed for the given time.</doc>
<arguments>
<arg>2</arg>
</arguments>
<msg timestamp="20201228 00:58:24.883" level="INFO">Slept 2 seconds</msg>
<status status="PASS" starttime="20201228 00:58:22.880" endtime="20201228 00:58:24.883"></status>
</kw>
<kw name="Go Back" library="SeleniumLibrary">
<doc>Simulates the user clicking the back button on their browser.</doc>
<status status="PASS" starttime="20201228 00:58:24.884" endtime="20201228 00:58:26.138"></status>
</kw>
<kw name="Get Location" library="SeleniumLibrary">
<doc>Returns the current browser window URL.</doc>
<assign>
<var>${loc}</var>
</assign>
<msg timestamp="20201228 00:58:26.147" level="INFO">${loc} = https://www.google.com/</msg>
<status status="PASS" starttime="20201228 00:58:26.139" endtime="20201228 00:58:26.147"></status>
</kw>
<kw name="Log To Console" library="BuiltIn">
<doc>Logs the given message to the console.</doc>
<arguments>
<arg>${loc}</arg>
</arguments>
<status status="PASS" starttime="20201228 00:58:26.148" endtime="20201228 00:58:26.148"></status>
</kw>
<kw name="Close Browser" library="SeleniumLibrary">
<doc>Closes the current browser.</doc>
<status status="PASS" starttime="20201228 00:58:26.149" endtime="20201228 00:58:28.357"></status>
</kw>
<status status="PASS" starttime="20201228 00:58:15.551" endtime="20201228 00:58:28.357" critical="yes"></status>
</test>
<status status="PASS" starttime="20201228 00:58:15.247" endtime="20201228 00:58:28.359"></status>
</suite>
<statistics>
<total>
<stat pass="1" fail="0">Critical Tests</stat>
<stat pass="1" fail="0">All Tests</stat>
</total>
<tag>
</tag>
<suite>
<stat pass="1" fail="0" id="s1" name="Navigational">Navigational</stat>
</suite>
</statistics>
<errors>
</errors>
</robot>
