<?xml version="1.0" encoding="UTF-8"?>
<robot generator="Robot 3.2.2 (Python 3.9.0 on win32)" generated="20201228 20:34:30.116" rpa="false">
<suite id="s1" name="ScrollingPage" source="C:\Users\vikky\PycharmProjects\Automation\TestCases\ScrollingPage.robot">
<test id="s1-t1" name="ScrollingTest">
<kw name="Open Browser" library="SeleniumLibrary">
<doc>Opens a new browser instance to the optional ``url``.</doc>
<arguments>
<arg>https://www.countries-ofthe-world.com/flags-of-the-world.html</arg>
<arg>chrome</arg>
</arguments>
<msg timestamp="20201228 20:34:30.416" level="INFO">Opening browser 'chrome' to base url 'https://www.countries-ofthe-world.com/flags-of-the-world.html'.</msg>
<status status="PASS" starttime="20201228 20:34:30.415" endtime="20201228 20:34:42.576"></status>
</kw>
<kw name="Maximize Browser Window" library="SeleniumLibrary">
<doc>Maximizes current browser window.</doc>
<status status="PASS" starttime="20201228 20:34:42.577" endtime="20201228 20:34:44.800"></status>
</kw>
<kw name="Scroll Element Into View" library="SeleniumLibrary">
<doc>Scrolls the element identified by ``locator`` into view.</doc>
<arguments>
<arg>//img[@src="flags-normal/flag-of-India.png"]</arg>
</arguments>
<status status="PASS" starttime="20201228 20:34:44.803" endtime="20201228 20:34:45.101"></status>
</kw>
<kw name="Sleep" library="BuiltIn">
<doc>Pauses the test executed for the given time.</doc>
<arguments>
<arg>2</arg>
</arguments>
<msg timestamp="20201228 20:34:47.109" level="INFO">Slept 2 seconds</msg>
<status status="PASS" starttime="20201228 20:34:45.101" endtime="20201228 20:34:47.109"></status>
</kw>
<kw name="Close Browser" library="SeleniumLibrary">
<doc>Closes the current browser.</doc>
<status status="PASS" starttime="20201228 20:34:47.109" endtime="20201228 20:34:49.514"></status>
</kw>
<status status="PASS" starttime="20201228 20:34:30.414" endtime="20201228 20:34:49.515" critical="yes"></status>
</test>
<status status="PASS" starttime="20201228 20:34:30.119" endtime="20201228 20:34:49.518"></status>
</suite>
<statistics>
<total>
<stat pass="1" fail="0">Critical Tests</stat>
<stat pass="1" fail="0">All Tests</stat>
</total>
<tag>
</tag>
<suite>
<stat pass="1" fail="0" id="s1" name="ScrollingPage">ScrollingPage</stat>
</suite>
</statistics>
<errors>
</errors>
</robot>
