<?xml version="1.0" encoding="UTF-8"?>
<robot generator="Robot 3.2.2 (Python 3.9.0 on win32)" generated="20201228 01:11:30.604" rpa="false">
<suite id="s1" name="CaptureScreen" source="C:\Users\vikky\PycharmProjects\Automation\TestCases\CaptureScreen.robot">
<test id="s1-t1" name="LoginTC">
<kw name="Open Browser" library="SeleniumLibrary">
<doc>Opens a new browser instance to the optional ``url``.</doc>
<arguments>
<arg>https://opensource-demo.orangehrmlive.com/</arg>
<arg>chrome</arg>
</arguments>
<msg timestamp="20201228 01:11:30.919" level="INFO">Opening browser 'chrome' to base url 'https://opensource-demo.orangehrmlive.com/'.</msg>
<status status="PASS" starttime="20201228 01:11:30.919" endtime="20201228 01:11:38.627"></status>
</kw>
<kw name="Input Text" library="SeleniumLibrary">
<doc>Types the given ``text`` into the text field identified by ``locator``.</doc>
<arguments>
<arg>id:txtUsername</arg>
<arg>Admin</arg>
</arguments>
<msg timestamp="20201228 01:11:38.629" level="INFO">Typing text 'Admin' into text field 'id:txtUsername'.</msg>
<status status="PASS" starttime="20201228 01:11:38.628" endtime="20201228 01:11:38.766"></status>
</kw>
<kw name="Input Text" library="SeleniumLibrary">
<doc>Types the given ``text`` into the text field identified by ``locator``.</doc>
<arguments>
<arg>id:txtPassword</arg>
<arg>admin123</arg>
</arguments>
<msg timestamp="20201228 01:11:38.767" level="INFO">Typing text 'admin123' into text field 'id:txtPassword'.</msg>
<status status="PASS" starttime="20201228 01:11:38.767" endtime="20201228 01:11:38.928"></status>
</kw>
<kw name="Capture Element Screenshot" library="SeleniumLibrary">
<doc>Captures a screenshot from the element identified by ``locator`` and embeds it into log file.</doc>
<arguments>
<arg>xpath://*[@id="divLogo"]/img</arg>
<arg>C:\Users\vikky\PycharmProjects\Automation</arg>
</arguments>
<msg timestamp="20201228 01:11:39.428" level="INFO" html="yes">&lt;/td&gt;&lt;/tr&gt;&lt;tr&gt;&lt;td colspan="3"&gt;&lt;a href="UsersvikkyPycharmProjectsAutomation"&gt;&lt;img src="UsersvikkyPycharmProjectsAutomation" width="400px"&gt;&lt;/a&gt;</msg>
<msg timestamp="20201228 01:11:39.428" level="INFO">c:\users\vikky\appdata\local\programs\python\python39\lib\site-packages\selenium\webdriver\remote\webelement.py:583: UserWarning: name used for saved screenshot does not match file type. It should end with a `.png` extension
  warnings.warn("name used for saved screenshot does not match file "</msg>
<status status="PASS" starttime="20201228 01:11:38.929" endtime="20201228 01:11:39.429"></status>
</kw>
<kw name="Capture Page Screenshot" library="SeleniumLibrary">
<doc>Takes a screenshot of the current page and embeds it into a log file.</doc>
<arguments>
<arg>C:\Users\vikky\PycharmProjects\Automation</arg>
</arguments>
<msg timestamp="20201228 01:11:39.948" level="INFO" html="yes">&lt;/td&gt;&lt;/tr&gt;&lt;tr&gt;&lt;td colspan="3"&gt;&lt;a href="UsersvikkyPycharmProjectsAutomation"&gt;&lt;img src="UsersvikkyPycharmProjectsAutomation" width="800px"&gt;&lt;/a&gt;</msg>
<msg timestamp="20201228 01:11:39.949" level="INFO">c:\users\vikky\appdata\local\programs\python\python39\lib\site-packages\selenium\webdriver\remote\webdriver.py:1030: UserWarning: name used for saved screenshot does not match file type. It should end with a `.png` extension
  warnings.warn("name used for saved screenshot does not match file "</msg>
<status status="PASS" starttime="20201228 01:11:39.430" endtime="20201228 01:11:39.949"></status>
</kw>
<status status="PASS" starttime="20201228 01:11:30.917" endtime="20201228 01:11:39.950" critical="yes"></status>
</test>
<status status="PASS" starttime="20201228 01:11:30.606" endtime="20201228 01:11:39.952"></status>
</suite>
<statistics>
<total>
<stat pass="1" fail="0">Critical Tests</stat>
<stat pass="1" fail="0">All Tests</stat>
</total>
<tag>
</tag>
<suite>
<stat pass="1" fail="0" id="s1" name="CaptureScreen">CaptureScreen</stat>
</suite>
</statistics>
<errors>
</errors>
</robot>
