<?xml version="1.0" encoding="UTF-8"?>
<robot generator="Robot 3.2.2 (Python 3.9.0 on win32)" generated="20201227 23:12:55.035" rpa="false">
<suite id="s1" name="TabbedWindow" source="C:\Users\vikky\PycharmProjects\Automation\TestCases\TabbedWindow.robot">
<test id="s1-t1" name="TabbedWindowsTest">
<kw name="Open Browser" library="SeleniumLibrary">
<doc>Opens a new browser instance to the optional ``url``.</doc>
<arguments>
<arg>http://demo.automationtesting.in/Windows.html</arg>
<arg>chrome</arg>
</arguments>
<msg timestamp="20201227 23:12:55.358" level="INFO">Opening browser 'chrome' to base url 'http://demo.automationtesting.in/Windows.html'.</msg>
<status status="PASS" starttime="20201227 23:12:55.358" endtime="20201227 23:13:03.305"></status>
</kw>
<kw name="Click Element" library="SeleniumLibrary">
<doc>Click the element identified by ``locator``.</doc>
<arguments>
<arg>xpath://*[@id="Tabbed"]/a/button</arg>
</arguments>
<msg timestamp="20201227 23:13:03.305" level="INFO">Clicking element 'xpath://*[@id="Tabbed"]/a/button'.</msg>
<status status="PASS" starttime="20201227 23:13:03.305" endtime="20201227 23:13:03.520"></status>
</kw>
<kw name="Select Window" library="SeleniumLibrary">
<doc>DEPRECATED in SeleniumLibrary 4.0. , use `Switch Window` instead.</doc>
<arguments>
<arg>title=Sakinalium | Home</arg>
</arguments>
<kw name="Capture Page Screenshot" library="SeleniumLibrary">
<doc>Takes a screenshot of the current page and embeds it into a log file.</doc>
<msg timestamp="20201227 23:13:06.469" level="INFO" html="yes">&lt;/td&gt;&lt;/tr&gt;&lt;tr&gt;&lt;td colspan="3"&gt;&lt;a href="selenium-screenshot-35.png"&gt;&lt;img src="selenium-screenshot-35.png" width="800px"&gt;&lt;/a&gt;</msg>
<status status="PASS" starttime="20201227 23:13:06.002" endtime="20201227 23:13:06.469"></status>
</kw>
<msg timestamp="20201227 23:13:06.469" level="FAIL">Unable to locate window with title 'Sakinalium | Home'.</msg>
<status status="FAIL" starttime="20201227 23:13:03.520" endtime="20201227 23:13:06.469"></status>
</kw>
<status status="FAIL" starttime="20201227 23:12:55.358" endtime="20201227 23:13:06.469" critical="yes">Unable to locate window with title 'Sakinalium | Home'.</status>
</test>
<status status="FAIL" starttime="20201227 23:12:55.043" endtime="20201227 23:13:06.477"></status>
</suite>
<statistics>
<total>
<stat pass="0" fail="1">Critical Tests</stat>
<stat pass="0" fail="1">All Tests</stat>
</total>
<tag>
</tag>
<suite>
<stat pass="0" fail="1" id="s1" name="TabbedWindow">TabbedWindow</stat>
</suite>
</statistics>
<errors>
</errors>
</robot>
