<?xml version="1.0" encoding="UTF-8"?>
<robot generator="Robot 3.2.2 (Python 3.9.0 on win32)" generated="20201228 23:23:47.848" rpa="false">
<suite id="s1" name="GetAllLinks" source="C:\Users\vikky\PycharmProjects\Automation\TestCases\GetAllLinks.robot">
<test id="s1-t1" name="GetAllLinksTest">
<kw name="Open Browser" library="SeleniumLibrary">
<doc>Opens a new browser instance to the optional ``url``.</doc>
<arguments>
<arg>http://www.newtours.demoaut.com/</arg>
<arg>chrome</arg>
</arguments>
<msg timestamp="20201228 23:23:48.158" level="INFO">Opening browser 'chrome' to base url 'http://www.newtours.demoaut.com/'.</msg>
<status status="PASS" starttime="20201228 23:23:48.158" endtime="20201228 23:23:54.862"></status>
</kw>
<kw name="Maximize Browser Window" library="SeleniumLibrary">
<doc>Maximizes current browser window.</doc>
<status status="PASS" starttime="20201228 23:23:54.862" endtime="20201228 23:23:57.023"></status>
</kw>
<kw name="Get Element Count" library="SeleniumLibrary">
<doc>Returns the number of elements matching ``locator``.</doc>
<arguments>
<arg>xpath://a</arg>
</arguments>
<assign>
<var>${AllLinksCount}</var>
</assign>
<msg timestamp="20201228 23:23:57.047" level="INFO">${AllLinksCount} = 2</msg>
<status status="PASS" starttime="20201228 23:23:57.023" endtime="20201228 23:23:57.047"></status>
</kw>
<kw name="Log To Console" library="BuiltIn">
<doc>Logs the given message to the console.</doc>
<arguments>
<arg>${AllLinksCount}</arg>
</arguments>
<status status="PASS" starttime="20201228 23:23:57.047" endtime="20201228 23:23:57.047"></status>
</kw>
<kw name="Create List" library="BuiltIn">
<doc>Returns a list containing given items.</doc>
<assign>
<var>@{LinkItems}</var>
</assign>
<msg timestamp="20201228 23:23:57.047" level="INFO">@{LinkItems} = [ ]</msg>
<status status="PASS" starttime="20201228 23:23:57.047" endtime="20201228 23:23:57.047"></status>
</kw>
<kw name="${i} IN RANGE [ 1 | ${AllLinksCount} ]" type="for">
<msg timestamp="20201228 23:23:57.055" level="WARN">Error in file 'C:\Users\vikky\PycharmProjects\Automation\TestCases\GetAllLinks.robot' in FOR loop starting on line 13: For loop header ': FOR' is deprecated. Use 'FOR' instead.</msg>
<msg timestamp="20201228 23:23:57.055" level="WARN">Error in file 'C:\Users\vikky\PycharmProjects\Automation\TestCases\GetAllLinks.robot' in FOR loop starting on line 13: Marking for loop body with '\' is deprecated. Remove markers and use 'END' instead.</msg>
<kw name="${i} = 1" type="foritem">
<kw name="Get Text" library="SeleniumLibrary">
<doc>Returns the text value of the element identified by ``locator``.</doc>
<arguments>
<arg>xpath:(//a)[${i}]</arg>
</arguments>
<assign>
<var>${linktext}</var>
</assign>
<msg timestamp="20201228 23:23:57.141" level="INFO">${linktext} = Sedo Domain Parking</msg>
<status status="PASS" starttime="20201228 23:23:57.055" endtime="20201228 23:23:57.141"></status>
</kw>
<kw name="Log To Console" library="BuiltIn">
<doc>Logs the given message to the console.</doc>
<arguments>
<arg>${linktext}</arg>
</arguments>
<status status="PASS" starttime="20201228 23:23:57.141" endtime="20201228 23:23:57.141"></status>
</kw>
<status status="PASS" starttime="20201228 23:23:57.055" endtime="20201228 23:23:57.141"></status>
</kw>
<status status="PASS" starttime="20201228 23:23:57.047" endtime="20201228 23:23:57.141"></status>
</kw>
<kw name="Close Browser" library="SeleniumLibrary">
<doc>Closes the current browser.</doc>
<status status="PASS" starttime="20201228 23:23:57.141" endtime="20201228 23:23:59.472"></status>
</kw>
<status status="PASS" starttime="20201228 23:23:48.150" endtime="20201228 23:23:59.472" critical="yes"></status>
</test>
<status status="PASS" starttime="20201228 23:23:47.856" endtime="20201228 23:23:59.472"></status>
</suite>
<statistics>
<total>
<stat pass="1" fail="0">Critical Tests</stat>
<stat pass="1" fail="0">All Tests</stat>
</total>
<tag>
</tag>
<suite>
<stat pass="1" fail="0" id="s1" name="GetAllLinks">GetAllLinks</stat>
</suite>
</statistics>
<errors>
<msg timestamp="20201228 23:23:57.055" level="WARN">Error in file 'C:\Users\vikky\PycharmProjects\Automation\TestCases\GetAllLinks.robot' in FOR loop starting on line 13: For loop header ': FOR' is deprecated. Use 'FOR' instead.</msg>
<msg timestamp="20201228 23:23:57.055" level="WARN">Error in file 'C:\Users\vikky\PycharmProjects\Automation\TestCases\GetAllLinks.robot' in FOR loop starting on line 13: Marking for loop body with '\' is deprecated. Remove markers and use 'END' instead.</msg>
</errors>
</robot>
