<?xml version="1.0" encoding="UTF-8"?>
<robot generator="Robot 3.2.2 (Python 3.9.0 on win32)" generated="20201228 23:08:23.979" rpa="false">
<suite id="s1" name="GetAllLinks" source="C:\Users\vikky\PycharmProjects\Automation\TestCases\GetAllLinks.robot">
<test id="s1-t1" name="GetAllLinksTest">
<kw name="Open Browser" library="SeleniumLibrary">
<doc>Opens a new browser instance to the optional ``url``.</doc>
<arguments>
<arg>http://www.newtours.demoaut.com/</arg>
<arg>chrome</arg>
</arguments>
<msg timestamp="20201228 23:08:24.320" level="INFO">Opening browser 'chrome' to base url 'http://www.newtours.demoaut.com/'.</msg>
<status status="PASS" starttime="20201228 23:08:24.320" endtime="20201228 23:08:39.152"></status>
</kw>
<kw name="Maximize Browser Window" library="SeleniumLibrary">
<doc>Maximizes current browser window.</doc>
<status status="PASS" starttime="20201228 23:08:39.152" endtime="20201228 23:08:41.320"></status>
</kw>
<kw name="Get Element Count" library="SeleniumLibrary">
<doc>Returns the number of elements matching ``locator``.</doc>
<arguments>
<arg>xpath://a</arg>
</arguments>
<assign>
<var>${AllLinksCount}</var>
</assign>
<msg timestamp="20201228 23:08:41.344" level="INFO">${AllLinksCount} = 2</msg>
<status status="PASS" starttime="20201228 23:08:41.320" endtime="20201228 23:08:41.344"></status>
</kw>
<kw name="Log To Console" library="BuiltIn">
<doc>Logs the given message to the console.</doc>
<arguments>
<arg>${AllLinksCount}</arg>
</arguments>
<status status="PASS" starttime="20201228 23:08:41.344" endtime="20201228 23:08:41.344"></status>
</kw>
<status status="PASS" starttime="20201228 23:08:24.320" endtime="20201228 23:08:41.344" critical="yes"></status>
</test>
<status status="PASS" starttime="20201228 23:08:23.979" endtime="20201228 23:08:41.352"></status>
</suite>
<statistics>
<total>
<stat pass="1" fail="0">Critical Tests</stat>
<stat pass="1" fail="0">All Tests</stat>
</total>
<tag>
</tag>
<suite>
<stat pass="1" fail="0" id="s1" name="GetAllLinks">GetAllLinks</stat>
</suite>
</statistics>
<errors>
</errors>
</robot>
