<?xml version="1.0" encoding="UTF-8"?>
<robot generator="Robot 3.2.2 (Python 3.9.0 on win32)" generated="20201228 21:11:00.071" rpa="false">
<suite id="s1" name="ForLoopDemo" source="C:\Users\vikky\PycharmProjects\Automation\TestCases\ForLoopDemo.robot">
<test id="s1-t1" name="Forloop4">
<kw name="${i} IN [ john | david | smith | scott ]" type="for">
<msg timestamp="20201228 21:11:00.107" level="WARN">Error in file 'C:\Users\vikky\PycharmProjects\Automation\TestCases\ForLoopDemo.robot' in FOR loop starting on line 19: For loop header ': FOR' is deprecated. Use 'FOR' instead.</msg>
<msg timestamp="20201228 21:11:00.108" level="WARN">Error in file 'C:\Users\vikky\PycharmProjects\Automation\TestCases\ForLoopDemo.robot' in FOR loop starting on line 19: Marking for loop body with '\' is deprecated. Remove markers and use 'END' instead.</msg>
<kw name="${i} = john" type="foritem">
<kw name="Log To Console" library="BuiltIn">
<doc>Logs the given message to the console.</doc>
<arguments>
<arg>${i}</arg>
</arguments>
<status status="PASS" starttime="20201228 21:11:00.111" endtime="20201228 21:11:00.112"></status>
</kw>
<status status="PASS" starttime="20201228 21:11:00.111" endtime="20201228 21:11:00.112"></status>
</kw>
<kw name="${i} = david" type="foritem">
<kw name="Log To Console" library="BuiltIn">
<doc>Logs the given message to the console.</doc>
<arguments>
<arg>${i}</arg>
</arguments>
<status status="PASS" starttime="20201228 21:11:00.112" endtime="20201228 21:11:00.113"></status>
</kw>
<status status="PASS" starttime="20201228 21:11:00.112" endtime="20201228 21:11:00.113"></status>
</kw>
<kw name="${i} = smith" type="foritem">
<kw name="Log To Console" library="BuiltIn">
<doc>Logs the given message to the console.</doc>
<arguments>
<arg>${i}</arg>
</arguments>
<status status="PASS" starttime="20201228 21:11:00.113" endtime="20201228 21:11:00.114"></status>
</kw>
<status status="PASS" starttime="20201228 21:11:00.113" endtime="20201228 21:11:00.114"></status>
</kw>
<kw name="${i} = scott" type="foritem">
<kw name="Log To Console" library="BuiltIn">
<doc>Logs the given message to the console.</doc>
<arguments>
<arg>${i}</arg>
</arguments>
<status status="PASS" starttime="20201228 21:11:00.114" endtime="20201228 21:11:00.115"></status>
</kw>
<status status="PASS" starttime="20201228 21:11:00.114" endtime="20201228 21:11:00.115"></status>
</kw>
<status status="PASS" starttime="20201228 21:11:00.107" endtime="20201228 21:11:00.115"></status>
</kw>
<status status="PASS" starttime="20201228 21:11:00.106" endtime="20201228 21:11:00.115" critical="yes"></status>
</test>
<status status="PASS" starttime="20201228 21:11:00.073" endtime="20201228 21:11:00.117"></status>
</suite>
<statistics>
<total>
<stat pass="1" fail="0">Critical Tests</stat>
<stat pass="1" fail="0">All Tests</stat>
</total>
<tag>
</tag>
<suite>
<stat pass="1" fail="0" id="s1" name="ForLoopDemo">ForLoopDemo</stat>
</suite>
</statistics>
<errors>
<msg timestamp="20201228 21:11:00.107" level="WARN">Error in file 'C:\Users\vikky\PycharmProjects\Automation\TestCases\ForLoopDemo.robot' in FOR loop starting on line 19: For loop header ': FOR' is deprecated. Use 'FOR' instead.</msg>
<msg timestamp="20201228 21:11:00.108" level="WARN">Error in file 'C:\Users\vikky\PycharmProjects\Automation\TestCases\ForLoopDemo.robot' in FOR loop starting on line 19: Marking for loop body with '\' is deprecated. Remove markers and use 'END' instead.</msg>
</errors>
</robot>
