<?xml version="1.0" encoding="UTF-8"?>
<robot generator="Robot 3.2.2 (Python 3.9.0 on win32)" generated="20201228 18:09:05.857" rpa="false">
<suite id="s1" name="Userkeywords" source="C:\Users\vikky\PycharmProjects\Automation\TestCases\Userkeywords.robot">
<test id="s1-t1" name="TC1">
<kw name="Open Browser" library="SeleniumLibrary">
<doc>Opens a new browser instance to the optional ``url``.</doc>
<arguments>
<arg>${url}</arg>
<arg>${browser}</arg>
</arguments>
<msg timestamp="20201228 18:09:06.159" level="INFO">Opening browser 'chrome' to base url 'https://www.facebook.com/'.</msg>
<status status="PASS" starttime="20201228 18:09:06.159" endtime="20201228 18:09:12.951"></status>
</kw>
<kw name="Maximize Browser Window" library="SeleniumLibrary">
<doc>Maximizes current browser window.</doc>
<status status="PASS" starttime="20201228 18:09:12.951" endtime="20201228 18:09:15.122"></status>
</kw>
<kw name="Input Text" library="SeleniumLibrary">
<doc>Types the given ``text`` into the text field identified by ``locator``.</doc>
<arguments>
<arg>name:email</arg>
<arg>mercury</arg>
</arguments>
<msg timestamp="20201228 18:09:15.122" level="INFO">Typing text 'mercury' into text field 'name:email'.</msg>
<status status="PASS" starttime="20201228 18:09:15.122" endtime="20201228 18:09:15.235"></status>
</kw>
<kw name="Input Text" library="SeleniumLibrary">
<doc>Types the given ``text`` into the text field identified by ``locator``.</doc>
<arguments>
<arg>name:pass</arg>
<arg>mercury</arg>
</arguments>
<msg timestamp="20201228 18:09:15.235" level="INFO">Typing text 'mercury' into text field 'name:pass'.</msg>
<status status="PASS" starttime="20201228 18:09:15.235" endtime="20201228 18:09:15.370"></status>
</kw>
<kw name="Close Browser" library="SeleniumLibrary">
<doc>Closes the current browser.</doc>
<status status="PASS" starttime="20201228 18:09:15.370" endtime="20201228 18:09:18.736"></status>
</kw>
<status status="PASS" starttime="20201228 18:09:06.159" endtime="20201228 18:09:18.736" critical="yes"></status>
</test>
<status status="PASS" starttime="20201228 18:09:05.857" endtime="20201228 18:09:18.736"></status>
</suite>
<statistics>
<total>
<stat pass="1" fail="0">Critical Tests</stat>
<stat pass="1" fail="0">All Tests</stat>
</total>
<tag>
</tag>
<suite>
<stat pass="1" fail="0" id="s1" name="Userkeywords">Userkeywords</stat>
</suite>
</statistics>
<errors>
</errors>
</robot>
