<?xml version="1.0" encoding="UTF-8"?>
<robot generator="Robot 3.2.2 (Python 3.9.0 on win32)" generated="20201228 19:22:08.378" rpa="false">
<suite id="s1" name="Userkeywords" source="C:\Users\vikky\PycharmProjects\Automation\TestCases\Userkeywords.robot">
<test id="s1-t1" name="TC1">
<kw name="launchBrowser">
<arguments>
<arg>${url}</arg>
<arg>${browser}</arg>
</arguments>
<assign>
<var>${PageTitle}</var>
</assign>
<kw name="Open Browser" library="SeleniumLibrary">
<doc>Opens a new browser instance to the optional ``url``.</doc>
<arguments>
<arg>${appurl}</arg>
<arg>${appbrowser}</arg>
</arguments>
<msg timestamp="20201228 19:22:08.714" level="INFO">Opening browser 'chrome' to base url 'https://www.facebook.com/'.</msg>
<status status="PASS" starttime="20201228 19:22:08.714" endtime="20201228 19:22:30.324"></status>
</kw>
<kw name="Maximize Browser Window" library="SeleniumLibrary">
<doc>Maximizes current browser window.</doc>
<status status="PASS" starttime="20201228 19:22:30.324" endtime="20201228 19:22:32.497"></status>
</kw>
<kw name="Get Title" library="SeleniumLibrary">
<doc>Returns the title of the current page.</doc>
<assign>
<var>${title}</var>
</assign>
<msg timestamp="20201228 19:22:32.505" level="INFO">${title} = Facebook – log in or sign up</msg>
<status status="PASS" starttime="20201228 19:22:32.497" endtime="20201228 19:22:32.505"></status>
</kw>
<msg timestamp="20201228 19:22:32.505" level="INFO">${PageTitle} = Facebook – log in or sign up</msg>
<status status="PASS" starttime="20201228 19:22:08.714" endtime="20201228 19:22:32.505"></status>
</kw>
<kw name="Log To Console" library="BuiltIn">
<doc>Logs the given message to the console.</doc>
<arguments>
<arg>${PageTitle}</arg>
</arguments>
<status status="PASS" starttime="20201228 19:22:32.505" endtime="20201228 19:22:32.505"></status>
</kw>
<kw name="Input Text" library="SeleniumLibrary">
<doc>Types the given ``text`` into the text field identified by ``locator``.</doc>
<arguments>
<arg>name:email</arg>
<arg>mercury</arg>
</arguments>
<msg timestamp="20201228 19:22:32.505" level="INFO">Typing text 'mercury' into text field 'name:email'.</msg>
<status status="PASS" starttime="20201228 19:22:32.505" endtime="20201228 19:22:32.618"></status>
</kw>
<kw name="Input Text" library="SeleniumLibrary">
<doc>Types the given ``text`` into the text field identified by ``locator``.</doc>
<arguments>
<arg>name:pass</arg>
<arg>mercury</arg>
</arguments>
<msg timestamp="20201228 19:22:32.626" level="INFO">Typing text 'mercury' into text field 'name:pass'.</msg>
<status status="PASS" starttime="20201228 19:22:32.618" endtime="20201228 19:22:32.757"></status>
</kw>
<kw name="Close Browser" library="SeleniumLibrary">
<doc>Closes the current browser.</doc>
<status status="PASS" starttime="20201228 19:22:32.757" endtime="20201228 19:22:36.255"></status>
</kw>
<status status="PASS" starttime="20201228 19:22:08.714" endtime="20201228 19:22:36.255" critical="yes"></status>
</test>
<status status="PASS" starttime="20201228 19:22:08.378" endtime="20201228 19:22:36.255"></status>
</suite>
<statistics>
<total>
<stat pass="1" fail="0">Critical Tests</stat>
<stat pass="1" fail="0">All Tests</stat>
</total>
<tag>
</tag>
<suite>
<stat pass="1" fail="0" id="s1" name="Userkeywords">Userkeywords</stat>
</suite>
</statistics>
<errors>
</errors>
</robot>
