<?xml version="1.0" encoding="UTF-8"?>
<robot generator="Robot 3.2.2 (Python 3.9.0 on win32)" generated="20201228 15:31:34.537" rpa="false">
<suite id="s1" name="MouseOperation" source="C:\Users\vikky\PycharmProjects\Automation\TestCases\MouseOperation.robot">
<test id="s1-t1" name="MouseActionsTest">
<kw name="Open Browser" library="SeleniumLibrary">
<doc>Opens a new browser instance to the optional ``url``.</doc>
<arguments>
<arg>https://swisnl.github.io/jQuery-contextMenu/demo.html</arg>
<arg>chrome</arg>
</arguments>
<msg timestamp="20201228 15:31:35.130" level="INFO">Opening browser 'chrome' to base url 'https://swisnl.github.io/jQuery-contextMenu/demo.html'.</msg>
<status status="PASS" starttime="20201228 15:31:35.130" endtime="20201228 15:31:41.542"></status>
</kw>
<kw name="Maximize Browser Window" library="SeleniumLibrary">
<doc>Maximizes current browser window.</doc>
<status status="PASS" starttime="20201228 15:31:41.542" endtime="20201228 15:31:43.714"></status>
</kw>
<kw name="Open Context Menu" library="SeleniumLibrary">
<doc>Opens the context menu on the element identified by ``locator``.</doc>
<arguments>
<arg>xpath://span[@class="context-menu-one btn btn-neutral"]</arg>
</arguments>
<status status="PASS" starttime="20201228 15:31:43.714" endtime="20201228 15:31:44.017"></status>
</kw>
<kw name="Sleep" library="BuiltIn">
<doc>Pauses the test executed for the given time.</doc>
<arguments>
<arg>3</arg>
</arguments>
<msg timestamp="20201228 15:31:47.029" level="INFO">Slept 3 seconds</msg>
<status status="PASS" starttime="20201228 15:31:44.017" endtime="20201228 15:31:47.029"></status>
</kw>
<kw name="Go To" library="SeleniumLibrary">
<doc>Navigates the current browser window to the provided ``url``.</doc>
<arguments>
<arg>https://testautomationpractice.blogspot.com/</arg>
</arguments>
<msg timestamp="20201228 15:31:47.029" level="INFO">Opening url 'https://testautomationpractice.blogspot.com/'</msg>
<status status="PASS" starttime="20201228 15:31:47.029" endtime="20201228 15:31:53.646"></status>
</kw>
<kw name="Maximize Browser Window" library="SeleniumLibrary">
<doc>Maximizes current browser window.</doc>
<status status="PASS" starttime="20201228 15:31:53.646" endtime="20201228 15:31:53.662"></status>
</kw>
<kw name="Double Click Element" library="SeleniumLibrary">
<doc>Double clicks the element identified by ``locator``.</doc>
<arguments>
<arg>xpath://button[contains(text(), 'Copy Text')]</arg>
</arguments>
<msg timestamp="20201228 15:31:53.662" level="INFO">Double clicking element 'xpath://button[contains(text(), 'Copy Text')]'.</msg>
<status status="PASS" starttime="20201228 15:31:53.662" endtime="20201228 15:31:53.975"></status>
</kw>
<kw name="Sleep" library="BuiltIn">
<doc>Pauses the test executed for the given time.</doc>
<arguments>
<arg>3</arg>
</arguments>
<msg timestamp="20201228 15:31:56.979" level="INFO">Slept 3 seconds</msg>
<status status="PASS" starttime="20201228 15:31:53.975" endtime="20201228 15:31:56.979"></status>
</kw>
<kw name="Close Browser" library="SeleniumLibrary">
<doc>Closes the current browser.</doc>
<status status="PASS" starttime="20201228 15:31:56.979" endtime="20201228 15:32:00.084"></status>
</kw>
<status status="PASS" starttime="20201228 15:31:35.130" endtime="20201228 15:32:00.084" critical="yes"></status>
</test>
<status status="PASS" starttime="20201228 15:31:34.545" endtime="20201228 15:32:00.084"></status>
</suite>
<statistics>
<total>
<stat pass="1" fail="0">Critical Tests</stat>
<stat pass="1" fail="0">All Tests</stat>
</total>
<tag>
</tag>
<suite>
<stat pass="1" fail="0" id="s1" name="MouseOperation">MouseOperation</stat>
</suite>
</statistics>
<errors>
</errors>
</robot>
