<?xml version="1.0" encoding="UTF-8"?>
<robot generator="Robot 3.2.2 (Python 3.9.0 on win32)" generated="20201223 21:05:01.509" rpa="false">
<suite id="s1" name="TimeoutTest" source="C:\Users\vikky\PycharmProjects\Automation\TestCases\TimeoutTest.robot">
<test id="s1-t1" name="RegTest">
<kw name="Open Browser" library="SeleniumLibrary">
<doc>Opens a new browser instance to the optional ``url``.</doc>
<arguments>
<arg>http://demowebshop.tricentis.com/register</arg>
<arg>chrome</arg>
</arguments>
<msg timestamp="20201223 21:05:02.261" level="INFO">Opening browser 'chrome' to base url 'http://demowebshop.tricentis.com/register'.</msg>
<status status="PASS" starttime="20201223 21:05:02.261" endtime="20201223 21:05:27.598"></status>
</kw>
<kw name="Maximize Browser Window" library="SeleniumLibrary">
<doc>Maximizes current browser window.</doc>
<status status="PASS" starttime="20201223 21:05:27.598" endtime="20201223 21:05:29.891"></status>
</kw>
<kw name="Get Selenium Timeout" library="SeleniumLibrary">
<doc>Gets the timeout that is used by various keywords.</doc>
<assign>
<var>${time}</var>
</assign>
<msg timestamp="20201223 21:05:29.891" level="INFO">${time} = 5 seconds</msg>
<status status="PASS" starttime="20201223 21:05:29.891" endtime="20201223 21:05:29.891"></status>
</kw>
<kw name="Log To Console" library="BuiltIn">
<doc>Logs the given message to the console.</doc>
<arguments>
<arg>${time}</arg>
</arguments>
<status status="PASS" starttime="20201223 21:05:29.891" endtime="20201223 21:05:29.891"></status>
</kw>
<kw name="Set Selenium Timeout" library="SeleniumLibrary">
<doc>Sets the timeout that is used by various keywords.</doc>
<arguments>
<arg>10 seconds</arg>
</arguments>
<status status="PASS" starttime="20201223 21:05:29.891" endtime="20201223 21:05:29.891"></status>
</kw>
<kw name="Wait Until Page Contains" library="SeleniumLibrary">
<doc>Waits until ``text`` appears on the current page.</doc>
<arguments>
<arg>Registration</arg>
</arguments>
<kw name="Capture Page Screenshot" library="SeleniumLibrary">
<doc>Takes a screenshot of the current page and embeds it into a log file.</doc>
<msg timestamp="20201223 21:05:40.531" level="INFO" html="yes">&lt;/td&gt;&lt;/tr&gt;&lt;tr&gt;&lt;td colspan="3"&gt;&lt;a href="selenium-screenshot-14.png"&gt;&lt;img src="selenium-screenshot-14.png" width="800px"&gt;&lt;/a&gt;</msg>
<status status="PASS" starttime="20201223 21:05:39.962" endtime="20201223 21:05:40.531"></status>
</kw>
<msg timestamp="20201223 21:05:40.631" level="FAIL">Text 'Registration' did not appear in 10 seconds.</msg>
<status status="FAIL" starttime="20201223 21:05:29.900" endtime="20201223 21:05:40.631"></status>
</kw>
<status status="FAIL" starttime="20201223 21:05:02.261" endtime="20201223 21:05:40.631" critical="yes">Text 'Registration' did not appear in 10 seconds.</status>
</test>
<status status="FAIL" starttime="20201223 21:05:01.509" endtime="20201223 21:05:40.641"></status>
</suite>
<statistics>
<total>
<stat pass="0" fail="1">Critical Tests</stat>
<stat pass="0" fail="1">All Tests</stat>
</total>
<tag>
</tag>
<suite>
<stat pass="0" fail="1" id="s1" name="TimeoutTest">TimeoutTest</stat>
</suite>
</statistics>
<errors>
</errors>
</robot>
