<?xml version="1.0" encoding="UTF-8"?>
<robot generator="Robot 3.2.2 (Python 3.9.0 on win32)" generated="20201227 22:41:07.742" rpa="false">
<suite id="s1" name="Frames" source="C:\Users\vikky\PycharmProjects\Automation\TestCases\Frames.robot">
<test id="s1-t1" name="Testing Frames">
<kw name="Open Browser" library="SeleniumLibrary">
<doc>Opens a new browser instance to the optional ``url``.</doc>
<arguments>
<arg>https://seleniumhq.github.io/selenium/docs/api/java/index</arg>
<arg>chrome</arg>
</arguments>
<msg timestamp="20201227 22:41:08.062" level="INFO">Opening browser 'chrome' to base url 'https://seleniumhq.github.io/selenium/docs/api/java/index'.</msg>
<status status="PASS" starttime="20201227 22:41:08.062" endtime="20201227 22:41:13.429"></status>
</kw>
<kw name="Maximize Browser Window" library="SeleniumLibrary">
<doc>Maximizes current browser window.</doc>
<status status="PASS" starttime="20201227 22:41:13.429" endtime="20201227 22:41:15.582"></status>
</kw>
<kw name="Click Element" library="SeleniumLibrary">
<doc>Click the element identified by ``locator``.</doc>
<arguments>
<arg>xpath://header/nav[1]/div[1]/div[2]/ul[1]/li[1]/a[1]</arg>
</arguments>
<msg timestamp="20201227 22:41:15.582" level="INFO">Clicking element 'xpath://header/nav[1]/div[1]/div[2]/ul[1]/li[1]/a[1]'.</msg>
<status status="PASS" starttime="20201227 22:41:15.582" endtime="20201227 22:41:16.985"></status>
</kw>
<kw name="Select Frame" library="SeleniumLibrary">
<doc>Sets frame identified by ``locator`` as the current frame.</doc>
<arguments>
<arg>packageListFrame</arg>
</arguments>
<msg timestamp="20201227 22:41:16.985" level="INFO">Selecting frame 'packageListFrame'.</msg>
<status status="PASS" starttime="20201227 22:41:16.985" endtime="20201227 22:41:17.153"></status>
</kw>
<kw name="Click Link" library="SeleniumLibrary">
<doc>Clicks a link identified by ``locator``.</doc>
<arguments>
<arg>org.openqa.selenium</arg>
</arguments>
<msg timestamp="20201227 22:41:17.161" level="INFO">Clicking link 'org.openqa.selenium'.</msg>
<status status="PASS" starttime="20201227 22:41:17.153" endtime="20201227 22:41:17.281"></status>
</kw>
<kw name="Unselect Frame" library="SeleniumLibrary">
<doc>Sets the main frame as the current frame.</doc>
<status status="PASS" starttime="20201227 22:41:17.281" endtime="20201227 22:41:17.297"></status>
</kw>
<kw name="Sleep" library="BuiltIn">
<doc>Pauses the test executed for the given time.</doc>
<arguments>
<arg>3</arg>
</arguments>
<msg timestamp="20201227 22:41:20.306" level="INFO">Slept 3 seconds</msg>
<status status="PASS" starttime="20201227 22:41:17.297" endtime="20201227 22:41:20.306"></status>
</kw>
<kw name="Select Frame" library="SeleniumLibrary">
<doc>Sets frame identified by ``locator`` as the current frame.</doc>
<arguments>
<arg>packageFrame</arg>
</arguments>
<msg timestamp="20201227 22:41:20.306" level="INFO">Selecting frame 'packageFrame'.</msg>
<status status="PASS" starttime="20201227 22:41:20.306" endtime="20201227 22:41:20.338"></status>
</kw>
<kw name="Click Link" library="SeleniumLibrary">
<doc>Clicks a link identified by ``locator``.</doc>
<arguments>
<arg>WebDriver</arg>
</arguments>
<msg timestamp="20201227 22:41:20.338" level="INFO">Clicking link 'WebDriver'.</msg>
<status status="PASS" starttime="20201227 22:41:20.338" endtime="20201227 22:41:20.484"></status>
</kw>
<kw name="Unselect Frame" library="SeleniumLibrary">
<doc>Sets the main frame as the current frame.</doc>
<status status="PASS" starttime="20201227 22:41:20.484" endtime="20201227 22:41:20.484"></status>
</kw>
<kw name="Sleep" library="BuiltIn">
<doc>Pauses the test executed for the given time.</doc>
<arguments>
<arg>2</arg>
</arguments>
<msg timestamp="20201227 22:41:22.492" level="INFO">Slept 2 seconds</msg>
<status status="PASS" starttime="20201227 22:41:20.484" endtime="20201227 22:41:22.492"></status>
</kw>
<kw name="Select Frame" library="SeleniumLibrary">
<doc>Sets frame identified by ``locator`` as the current frame.</doc>
<arguments>
<arg>classFrame</arg>
</arguments>
<msg timestamp="20201227 22:41:22.492" level="INFO">Selecting frame 'classFrame'.</msg>
<status status="PASS" starttime="20201227 22:41:22.492" endtime="20201227 22:41:22.523"></status>
</kw>
<kw name="Click Link" library="SeleniumLibrary">
<doc>Clicks a link identified by ``locator``.</doc>
<arguments>
<arg>Help</arg>
</arguments>
<msg timestamp="20201227 22:41:22.523" level="INFO">Clicking link 'Help'.</msg>
<status status="PASS" starttime="20201227 22:41:22.523" endtime="20201227 22:41:23.115"></status>
</kw>
<kw name="Unselect Frame" library="SeleniumLibrary">
<doc>Sets the main frame as the current frame.</doc>
<status status="PASS" starttime="20201227 22:41:23.115" endtime="20201227 22:41:23.131"></status>
</kw>
<kw name="Sleep" library="BuiltIn">
<doc>Pauses the test executed for the given time.</doc>
<arguments>
<arg>2</arg>
</arguments>
<msg timestamp="20201227 22:41:25.136" level="INFO">Slept 2 seconds</msg>
<status status="PASS" starttime="20201227 22:41:23.131" endtime="20201227 22:41:25.136"></status>
</kw>
<kw name="Close Browser" library="SeleniumLibrary">
<doc>Closes the current browser.</doc>
<status status="PASS" starttime="20201227 22:41:25.136" endtime="20201227 22:41:27.570"></status>
</kw>
<status status="PASS" starttime="20201227 22:41:08.054" endtime="20201227 22:41:27.570" critical="yes"></status>
</test>
<status status="PASS" starttime="20201227 22:41:07.742" endtime="20201227 22:41:27.570"></status>
</suite>
<statistics>
<total>
<stat pass="1" fail="0">Critical Tests</stat>
<stat pass="1" fail="0">All Tests</stat>
</total>
<tag>
</tag>
<suite>
<stat pass="1" fail="0" id="s1" name="Frames">Frames</stat>
</suite>
</statistics>
<errors>
</errors>
</robot>
