<?xml version="1.0" encoding="UTF-8"?>
<robot generator="Robot 3.2.2 (Python 3.9.0 on win32)" generated="20201229 00:49:38.411" rpa="false">
<suite id="s1" name="TableDemo" source="C:\Users\vikky\PycharmProjects\Automation\TestCases\TableDemo.robot">
<test id="s1-t1" name="TableOperations">
<kw name="Open Browser" library="SeleniumLibrary">
<doc>Opens a new browser instance to the optional ``url``.</doc>
<arguments>
<arg>https://testautomationpractice.blogspot.com/</arg>
<arg>chrome</arg>
</arguments>
<msg timestamp="20201229 00:49:38.731" level="INFO">Opening browser 'chrome' to base url 'https://testautomationpractice.blogspot.com/'.</msg>
<status status="PASS" starttime="20201229 00:49:38.731" endtime="20201229 00:49:46.879"></status>
</kw>
<kw name="Maximize Browser Window" library="SeleniumLibrary">
<doc>Maximizes current browser window.</doc>
<status status="PASS" starttime="20201229 00:49:46.879" endtime="20201229 00:49:49.061"></status>
</kw>
<kw name="Get Element Count" library="SeleniumLibrary">
<doc>Returns the number of elements matching ``locator``.</doc>
<arguments>
<arg>xpath://table[@name='BookTable']/tbody/tr</arg>
</arguments>
<assign>
<var>${rows}</var>
</assign>
<msg timestamp="20201229 00:49:49.077" level="INFO">${rows} = 7</msg>
<status status="PASS" starttime="20201229 00:49:49.061" endtime="20201229 00:49:49.077"></status>
</kw>
<kw name="Get Element Count" library="SeleniumLibrary">
<doc>Returns the number of elements matching ``locator``.</doc>
<arguments>
<arg>xpath://table[@name='BookTable']/tbody/tr[1]/th</arg>
</arguments>
<assign>
<var>${cols}</var>
</assign>
<msg timestamp="20201229 00:49:49.093" level="INFO">${cols} = 4</msg>
<status status="PASS" starttime="20201229 00:49:49.077" endtime="20201229 00:49:49.093"></status>
</kw>
<kw name="Log To Console" library="BuiltIn">
<doc>Logs the given message to the console.</doc>
<arguments>
<arg>${rows}</arg>
</arguments>
<status status="PASS" starttime="20201229 00:49:49.093" endtime="20201229 00:49:49.093"></status>
</kw>
<kw name="Log To Console" library="BuiltIn">
<doc>Logs the given message to the console.</doc>
<arguments>
<arg>${cols}</arg>
</arguments>
<status status="PASS" starttime="20201229 00:49:49.093" endtime="20201229 00:49:49.093"></status>
</kw>
<kw name="Get Text" library="SeleniumLibrary">
<doc>Returns the text value of the element identified by ``locator``.</doc>
<arguments>
<arg>xpath://table[@name='BookTable']/tbody/tr[5]/td[1]</arg>
</arguments>
<assign>
<var>${data}</var>
</assign>
<msg timestamp="20201229 00:49:49.125" level="INFO">${data} = Master In Selenium</msg>
<status status="PASS" starttime="20201229 00:49:49.093" endtime="20201229 00:49:49.125"></status>
</kw>
<kw name="Log To Console" library="BuiltIn">
<doc>Logs the given message to the console.</doc>
<arguments>
<arg>${data}</arg>
</arguments>
<status status="PASS" starttime="20201229 00:49:49.125" endtime="20201229 00:49:49.125"></status>
</kw>
<kw name="Table Column Should Contain" library="SeleniumLibrary">
<doc>Verifies table column contains text ``expected``.</doc>
<arguments>
<arg>xpath://table[@name='BookTable']</arg>
<arg>2</arg>
<arg>Author</arg>
</arguments>
<status status="PASS" starttime="20201229 00:49:49.125" endtime="20201229 00:49:49.181"></status>
</kw>
<kw name="Table Row Should Contain" library="SeleniumLibrary">
<doc>Verifies that table row contains text ``expected``.</doc>
<arguments>
<arg>xpath://table[@name='BookTable']</arg>
<arg>4</arg>
<arg>Learn</arg>
<arg>JS</arg>
</arguments>
<status status="PASS" starttime="20201229 00:49:49.181" endtime="20201229 00:49:49.245"></status>
</kw>
<kw name="Table Cell Should Contain" library="SeleniumLibrary">
<doc>Verifies table cell contains text ``expected``.</doc>
<arguments>
<arg>xpath://table[@name='BookTable']</arg>
<arg>5</arg>
<arg>2</arg>
<arg>Mukesh</arg>
</arguments>
<msg timestamp="20201229 00:49:49.317" level="INFO">Table cell contains 'Mukesh'.</msg>
<status status="PASS" starttime="20201229 00:49:49.245" endtime="20201229 00:49:49.317"></status>
</kw>
<kw name="Table Header Should Contain" library="SeleniumLibrary">
<doc>Verifies table header contains text ``expected``.</doc>
<arguments>
<arg>xpath://table[@name='BookTable']</arg>
<arg>BookName</arg>
</arguments>
<status status="PASS" starttime="20201229 00:49:49.317" endtime="20201229 00:49:49.365"></status>
</kw>
<kw name="Close Browser" library="SeleniumLibrary">
<doc>Closes the current browser.</doc>
<status status="PASS" starttime="20201229 00:49:49.373" endtime="20201229 00:49:51.727"></status>
</kw>
<status status="PASS" starttime="20201229 00:49:38.731" endtime="20201229 00:49:51.727" critical="yes"></status>
</test>
<status status="PASS" starttime="20201229 00:49:38.419" endtime="20201229 00:49:51.735"></status>
</suite>
<statistics>
<total>
<stat pass="1" fail="0">Critical Tests</stat>
<stat pass="1" fail="0">All Tests</stat>
</total>
<tag>
</tag>
<suite>
<stat pass="1" fail="0" id="s1" name="TableDemo">TableDemo</stat>
</suite>
</statistics>
<errors>
</errors>
</robot>
