<?xml version="1.0" encoding="UTF-8"?>
<robot generator="Robot 3.2.2 (Python 3.9.0 on win32)" generated="20201228 01:32:40.910" rpa="false">
<suite id="s1" name="MouseOperation" source="C:\Users\vikky\PycharmProjects\Automation\TestCases\MouseOperation.robot">
<test id="s1-t1" name="MouseActionsTest">
<kw name="Open Browser" library="SeleniumLibrary">
<doc>Opens a new browser instance to the optional ``url``.</doc>
<arguments>
<arg>https://swisnl.github.io/jQuery-contextMenu/demo.html</arg>
<arg>chrome</arg>
</arguments>
<msg timestamp="20201228 01:32:41.218" level="INFO">Opening browser 'chrome' to base url 'https://swisnl.github.io/jQuery-contextMenu/demo.html'.</msg>
<status status="PASS" starttime="20201228 01:32:41.218" endtime="20201228 01:32:46.612"></status>
</kw>
<kw name="Maximize Browser Window" library="SeleniumLibrary">
<doc>Maximizes current browser window.</doc>
<status status="PASS" starttime="20201228 01:32:46.613" endtime="20201228 01:32:48.785"></status>
</kw>
<kw name="Open Context Menu" library="SeleniumLibrary">
<doc>Opens the context menu on the element identified by ``locator``.</doc>
<arguments>
<arg>xpath://span[@class="context-menu-one btn btn-neutral"]</arg>
</arguments>
<status status="PASS" starttime="20201228 01:32:48.786" endtime="20201228 01:32:49.097"></status>
</kw>
<kw name="Sleep" library="BuiltIn">
<doc>Pauses the test executed for the given time.</doc>
<arguments>
<arg>3</arg>
</arguments>
<msg timestamp="20201228 01:32:52.109" level="INFO">Slept 3 seconds</msg>
<status status="PASS" starttime="20201228 01:32:49.098" endtime="20201228 01:32:52.109"></status>
</kw>
<kw name="Close Browser" library="SeleniumLibrary">
<doc>Closes the current browser.</doc>
<status status="PASS" starttime="20201228 01:32:52.110" endtime="20201228 01:32:54.766"></status>
</kw>
<status status="PASS" starttime="20201228 01:32:41.217" endtime="20201228 01:32:54.767" critical="yes"></status>
</test>
<status status="PASS" starttime="20201228 01:32:40.912" endtime="20201228 01:32:54.769"></status>
</suite>
<statistics>
<total>
<stat pass="1" fail="0">Critical Tests</stat>
<stat pass="1" fail="0">All Tests</stat>
</total>
<tag>
</tag>
<suite>
<stat pass="1" fail="0" id="s1" name="MouseOperation">MouseOperation</stat>
</suite>
</statistics>
<errors>
</errors>
</robot>
