<?xml version="1.0" encoding="UTF-8"?>
<robot generator="Robot 3.2.2 (Python 3.9.0 on win32)" generated="20201228 23:38:01.624" rpa="false">
<suite id="s1" name="TableDemo" source="C:\Users\vikky\PycharmProjects\Automation\TestCases\TableDemo.robot">
<test id="s1-t1" name="TableOperations">
<kw name="Open Browser" library="SeleniumLibrary">
<doc>Opens a new browser instance to the optional ``url``.</doc>
<arguments>
<arg>https://testautomationpractice.blogspot.com/</arg>
<arg>chrome</arg>
</arguments>
<msg timestamp="20201228 23:38:01.988" level="INFO">Opening browser 'chrome' to base url 'https://testautomationpractice.blogspot.com/'.</msg>
<status status="PASS" starttime="20201228 23:38:01.988" endtime="20201228 23:38:11.219"></status>
</kw>
<kw name="Maximize Browser Window" library="SeleniumLibrary">
<doc>Maximizes current browser window.</doc>
<status status="PASS" starttime="20201228 23:38:11.219" endtime="20201228 23:38:13.393"></status>
</kw>
<kw name="Get Element Count" library="SeleniumLibrary">
<doc>Returns the number of elements matching ``locator``.</doc>
<arguments>
<arg>xpath://table[@name='BookTable']/tbody/tr</arg>
</arguments>
<assign>
<var>${rows}</var>
</assign>
<msg timestamp="20201228 23:38:13.425" level="INFO">${rows} = 7</msg>
<status status="PASS" starttime="20201228 23:38:13.393" endtime="20201228 23:38:13.425"></status>
</kw>
<kw name="Get Element Count" library="SeleniumLibrary">
<doc>Returns the number of elements matching ``locator``.</doc>
<arguments>
<arg>xpath://table[@name='BookTable']/tbody/tr[1]/th</arg>
</arguments>
<assign>
<var>${cols}</var>
</assign>
<msg timestamp="20201228 23:38:13.449" level="INFO">${cols} = 4</msg>
<status status="PASS" starttime="20201228 23:38:13.425" endtime="20201228 23:38:13.449"></status>
</kw>
<kw name="Log To Console" library="BuiltIn">
<doc>Logs the given message to the console.</doc>
<arguments>
<arg>${rows}</arg>
</arguments>
<status status="PASS" starttime="20201228 23:38:13.449" endtime="20201228 23:38:13.449"></status>
</kw>
<kw name="Log To Console" library="BuiltIn">
<doc>Logs the given message to the console.</doc>
<arguments>
<arg>${cols}</arg>
</arguments>
<status status="PASS" starttime="20201228 23:38:13.449" endtime="20201228 23:38:13.449"></status>
</kw>
<status status="PASS" starttime="20201228 23:38:01.984" endtime="20201228 23:38:13.449" critical="yes"></status>
</test>
<status status="PASS" starttime="20201228 23:38:01.624" endtime="20201228 23:38:13.449"></status>
</suite>
<statistics>
<total>
<stat pass="1" fail="0">Critical Tests</stat>
<stat pass="1" fail="0">All Tests</stat>
</total>
<tag>
</tag>
<suite>
<stat pass="1" fail="0" id="s1" name="TableDemo">TableDemo</stat>
</suite>
</statistics>
<errors>
</errors>
</robot>
