<?xml version="1.0" encoding="UTF-8"?>
<robot generator="Robot 3.2.2 (Python 3.9.0 on win32)" generated="20210117 01:13:28.531" rpa="false">
<suite id="s1" name="DDT1" source="C:\Users\vikky\PycharmProjects\Automation\TestCases\DDT1.robot">
<kw name="Open my Browser" library="login_resources" type="setup">
<kw name="Open Browser" library="SeleniumLibrary">
<doc>Opens a new browser instance to the optional ``url``.</doc>
<arguments>
<arg>${LOGIN URL}</arg>
<arg>${BROWSER}</arg>
</arguments>
<msg timestamp="20210117 01:13:28.853" level="INFO">Opening browser 'chrome' to base url 'https://admin-demo.nopcommerce.com'.</msg>
<status status="PASS" starttime="20210117 01:13:28.853" endtime="20210117 01:13:37.293"></status>
</kw>
<kw name="Maximize Browser Window" library="SeleniumLibrary">
<doc>Maximizes current browser window.</doc>
<status status="PASS" starttime="20210117 01:13:37.293" endtime="20210117 01:13:39.471"></status>
</kw>
<status status="PASS" starttime="20210117 01:13:28.853" endtime="20210117 01:13:39.471"></status>
</kw>
<test id="s1-t1" name="Right user empty pass">
<kw name="Invalid login">
<arguments>
<arg>admin@yourstore.com</arg>
<arg>${EMPTY}</arg>
</arguments>
<kw name="Input username" library="login_resources">
<arguments>
<arg>${username}</arg>
</arguments>
<kw name="Input Text" library="SeleniumLibrary">
<doc>Types the given ``text`` into the text field identified by ``locator``.</doc>
<arguments>
<arg>id:Email</arg>
<arg>${username}</arg>
</arguments>
<msg timestamp="20210117 01:13:39.471" level="INFO">Typing text 'admin@yourstore.com' into text field 'id:Email'.</msg>
<status status="PASS" starttime="20210117 01:13:39.471" endtime="20210117 01:13:39.663"></status>
</kw>
<status status="PASS" starttime="20210117 01:13:39.471" endtime="20210117 01:13:39.663"></status>
</kw>
<kw name="Input pwd" library="login_resources">
<arguments>
<arg>${password}</arg>
</arguments>
<kw name="Input Text" library="SeleniumLibrary">
<doc>Types the given ``text`` into the text field identified by ``locator``.</doc>
<arguments>
<arg>id:Password ${password}</arg>
</arguments>
<msg timestamp="20210117 01:13:39.663" level="FAIL">Keyword 'SeleniumLibrary.Input Text' expected 2 to 3 arguments, got 1.</msg>
<status status="FAIL" starttime="20210117 01:13:39.663" endtime="20210117 01:13:39.663"></status>
</kw>
<status status="FAIL" starttime="20210117 01:13:39.663" endtime="20210117 01:13:39.663"></status>
</kw>
<status status="FAIL" starttime="20210117 01:13:39.471" endtime="20210117 01:13:39.663"></status>
</kw>
<status status="FAIL" starttime="20210117 01:13:39.471" endtime="20210117 01:13:39.663" critical="yes">Keyword 'SeleniumLibrary.Input Text' expected 2 to 3 arguments, got 1.</status>
</test>
<test id="s1-t2" name="Right user wrong pass">
<kw name="Invalid login">
<arguments>
<arg>admin@yourstore.com</arg>
<arg>xyz</arg>
</arguments>
<kw name="Input username" library="login_resources">
<arguments>
<arg>${username}</arg>
</arguments>
<kw name="Input Text" library="SeleniumLibrary">
<doc>Types the given ``text`` into the text field identified by ``locator``.</doc>
<arguments>
<arg>id:Email</arg>
<arg>${username}</arg>
</arguments>
<msg timestamp="20210117 01:13:39.671" level="INFO">Typing text 'admin@yourstore.com' into text field 'id:Email'.</msg>
<status status="PASS" starttime="20210117 01:13:39.671" endtime="20210117 01:13:39.775"></status>
</kw>
<status status="PASS" starttime="20210117 01:13:39.671" endtime="20210117 01:13:39.775"></status>
</kw>
<kw name="Input pwd" library="login_resources">
<arguments>
<arg>${password}</arg>
</arguments>
<kw name="Input Text" library="SeleniumLibrary">
<doc>Types the given ``text`` into the text field identified by ``locator``.</doc>
<arguments>
<arg>id:Password ${password}</arg>
</arguments>
<msg timestamp="20210117 01:13:39.775" level="FAIL">Keyword 'SeleniumLibrary.Input Text' expected 2 to 3 arguments, got 1.</msg>
<status status="FAIL" starttime="20210117 01:13:39.775" endtime="20210117 01:13:39.775"></status>
</kw>
<status status="FAIL" starttime="20210117 01:13:39.775" endtime="20210117 01:13:39.775"></status>
</kw>
<status status="FAIL" starttime="20210117 01:13:39.671" endtime="20210117 01:13:39.775"></status>
</kw>
<status status="FAIL" starttime="20210117 01:13:39.671" endtime="20210117 01:13:39.783" critical="yes">Keyword 'SeleniumLibrary.Input Text' expected 2 to 3 arguments, got 1.</status>
</test>
<test id="s1-t3" name="Wrong user rigt pass">
<kw name="Invalid login">
<arguments>
<arg>admin@yourstore.com</arg>
<arg>admin</arg>
</arguments>
<kw name="Input username" library="login_resources">
<arguments>
<arg>${username}</arg>
</arguments>
<kw name="Input Text" library="SeleniumLibrary">
<doc>Types the given ``text`` into the text field identified by ``locator``.</doc>
<arguments>
<arg>id:Email</arg>
<arg>${username}</arg>
</arguments>
<msg timestamp="20210117 01:13:39.783" level="INFO">Typing text 'admin@yourstore.com' into text field 'id:Email'.</msg>
<status status="PASS" starttime="20210117 01:13:39.783" endtime="20210117 01:13:39.886"></status>
</kw>
<status status="PASS" starttime="20210117 01:13:39.783" endtime="20210117 01:13:39.886"></status>
</kw>
<kw name="Input pwd" library="login_resources">
<arguments>
<arg>${password}</arg>
</arguments>
<kw name="Input Text" library="SeleniumLibrary">
<doc>Types the given ``text`` into the text field identified by ``locator``.</doc>
<arguments>
<arg>id:Password ${password}</arg>
</arguments>
<msg timestamp="20210117 01:13:39.886" level="FAIL">Keyword 'SeleniumLibrary.Input Text' expected 2 to 3 arguments, got 1.</msg>
<status status="FAIL" starttime="20210117 01:13:39.886" endtime="20210117 01:13:39.886"></status>
</kw>
<status status="FAIL" starttime="20210117 01:13:39.886" endtime="20210117 01:13:39.886"></status>
</kw>
<status status="FAIL" starttime="20210117 01:13:39.783" endtime="20210117 01:13:39.886"></status>
</kw>
<status status="FAIL" starttime="20210117 01:13:39.783" endtime="20210117 01:13:39.886" critical="yes">Keyword 'SeleniumLibrary.Input Text' expected 2 to 3 arguments, got 1.</status>
</test>
<test id="s1-t4" name="Wrong user empty pass">
<kw name="Invalid login">
<arguments>
<arg>admin@yourstore.com</arg>
<arg>${EMPTY}</arg>
</arguments>
<kw name="Input username" library="login_resources">
<arguments>
<arg>${username}</arg>
</arguments>
<kw name="Input Text" library="SeleniumLibrary">
<doc>Types the given ``text`` into the text field identified by ``locator``.</doc>
<arguments>
<arg>id:Email</arg>
<arg>${username}</arg>
</arguments>
<msg timestamp="20210117 01:13:39.894" level="INFO">Typing text 'admin@yourstore.com' into text field 'id:Email'.</msg>
<status status="PASS" starttime="20210117 01:13:39.894" endtime="20210117 01:13:39.997"></status>
</kw>
<status status="PASS" starttime="20210117 01:13:39.886" endtime="20210117 01:13:39.997"></status>
</kw>
<kw name="Input pwd" library="login_resources">
<arguments>
<arg>${password}</arg>
</arguments>
<kw name="Input Text" library="SeleniumLibrary">
<doc>Types the given ``text`` into the text field identified by ``locator``.</doc>
<arguments>
<arg>id:Password ${password}</arg>
</arguments>
<msg timestamp="20210117 01:13:39.997" level="FAIL">Keyword 'SeleniumLibrary.Input Text' expected 2 to 3 arguments, got 1.</msg>
<status status="FAIL" starttime="20210117 01:13:39.997" endtime="20210117 01:13:39.997"></status>
</kw>
<status status="FAIL" starttime="20210117 01:13:39.997" endtime="20210117 01:13:39.997"></status>
</kw>
<status status="FAIL" starttime="20210117 01:13:39.886" endtime="20210117 01:13:39.997"></status>
</kw>
<status status="FAIL" starttime="20210117 01:13:39.886" endtime="20210117 01:13:40.005" critical="yes">Keyword 'SeleniumLibrary.Input Text' expected 2 to 3 arguments, got 1.</status>
</test>
<test id="s1-t5" name="Wrong user wrong pass">
<kw name="Invalid login">
<arguments>
<arg>admin@yourstore.com</arg>
<arg>xyz</arg>
</arguments>
<kw name="Input username" library="login_resources">
<arguments>
<arg>${username}</arg>
</arguments>
<kw name="Input Text" library="SeleniumLibrary">
<doc>Types the given ``text`` into the text field identified by ``locator``.</doc>
<arguments>
<arg>id:Email</arg>
<arg>${username}</arg>
</arguments>
<msg timestamp="20210117 01:13:40.005" level="INFO">Typing text 'admin@yourstore.com' into text field 'id:Email'.</msg>
<status status="PASS" starttime="20210117 01:13:40.005" endtime="20210117 01:13:40.119"></status>
</kw>
<status status="PASS" starttime="20210117 01:13:40.005" endtime="20210117 01:13:40.119"></status>
</kw>
<kw name="Input pwd" library="login_resources">
<arguments>
<arg>${password}</arg>
</arguments>
<kw name="Input Text" library="SeleniumLibrary">
<doc>Types the given ``text`` into the text field identified by ``locator``.</doc>
<arguments>
<arg>id:Password ${password}</arg>
</arguments>
<msg timestamp="20210117 01:13:40.119" level="FAIL">Keyword 'SeleniumLibrary.Input Text' expected 2 to 3 arguments, got 1.</msg>
<status status="FAIL" starttime="20210117 01:13:40.119" endtime="20210117 01:13:40.119"></status>
</kw>
<status status="FAIL" starttime="20210117 01:13:40.119" endtime="20210117 01:13:40.119"></status>
</kw>
<status status="FAIL" starttime="20210117 01:13:40.005" endtime="20210117 01:13:40.119"></status>
</kw>
<status status="FAIL" starttime="20210117 01:13:40.005" endtime="20210117 01:13:40.119" critical="yes">Keyword 'SeleniumLibrary.Input Text' expected 2 to 3 arguments, got 1.</status>
</test>
<kw name="Close Browsers" library="login_resources" type="teardown">
<kw name="Close All Browsers" library="SeleniumLibrary">
<doc>Closes all open browsers and resets the browser cache.</doc>
<status status="PASS" starttime="20210117 01:13:40.136" endtime="20210117 01:13:42.368"></status>
</kw>
<status status="PASS" starttime="20210117 01:13:40.136" endtime="20210117 01:13:42.368"></status>
</kw>
<status status="FAIL" starttime="20210117 01:13:28.539" endtime="20210117 01:13:42.368"></status>
</suite>
<statistics>
<total>
<stat pass="0" fail="5">Critical Tests</stat>
<stat pass="0" fail="5">All Tests</stat>
</total>
<tag>
</tag>
<suite>
<stat pass="0" fail="5" id="s1" name="DDT1">DDT1</stat>
</suite>
</statistics>
<errors>
</errors>
</robot>
