<?xml version="1.0" encoding="UTF-8"?>
<robot generator="Robot 3.2.2 (Python 3.9.0 on win32)" generated="20201224 01:18:18.513" rpa="false">
<suite id="s1" name="CloseAll" source="C:\Users\vikky\PycharmProjects\Automation\TestCases\CloseAll.robot">
<test id="s1-t1" name="MyTestCases">
<kw name="Open Browser" library="SeleniumLibrary">
<doc>Opens a new browser instance to the optional ``url``.</doc>
<arguments>
<arg>http://demowebshop.tricentis.com/register</arg>
<arg>chrome</arg>
</arguments>
<msg timestamp="20201224 01:18:18.881" level="INFO">Opening browser 'chrome' to base url 'http://demowebshop.tricentis.com/register'.</msg>
<status status="PASS" starttime="20201224 01:18:18.881" endtime="20201224 01:18:26.111"></status>
</kw>
<kw name="Maximize Browser Window" library="SeleniumLibrary">
<doc>Maximizes current browser window.</doc>
<status status="PASS" starttime="20201224 01:18:26.111" endtime="20201224 01:18:28.262"></status>
</kw>
<kw name="Open Browser" library="SeleniumLibrary">
<doc>Opens a new browser instance to the optional ``url``.</doc>
<arguments>
<arg>http://automationpractice.com/index.php</arg>
<arg>chrome</arg>
</arguments>
<msg timestamp="20201224 01:18:28.262" level="INFO">Opening browser 'chrome' to base url 'http://automationpractice.com/index.php'.</msg>
<status status="PASS" starttime="20201224 01:18:28.262" endtime="20201224 01:18:42.655"></status>
</kw>
<kw name="Maximize Browser Window" library="SeleniumLibrary">
<doc>Maximizes current browser window.</doc>
<status status="PASS" starttime="20201224 01:18:42.656" endtime="20201224 01:18:45.974"></status>
</kw>
<kw name="Close Browser" library="SeleniumLibrary">
<doc>Closes the current browser.</doc>
<status status="PASS" starttime="20201224 01:18:45.974" endtime="20201224 01:18:48.856"></status>
</kw>
<status status="PASS" starttime="20201224 01:18:18.879" endtime="20201224 01:18:48.857" critical="yes"></status>
</test>
<status status="PASS" starttime="20201224 01:18:18.515" endtime="20201224 01:18:48.859"></status>
</suite>
<statistics>
<total>
<stat pass="1" fail="0">Critical Tests</stat>
<stat pass="1" fail="0">All Tests</stat>
</total>
<tag>
</tag>
<suite>
<stat pass="1" fail="0" id="s1" name="CloseAll">CloseAll</stat>
</suite>
</statistics>
<errors>
</errors>
</robot>
