<?xml version="1.0" encoding="UTF-8"?>
<robot generator="Robot 3.2.2 (Python 3.9.0 on win32)" generated="20201228 20:21:41.378" rpa="false">
<suite id="s1" name="ScrollingPage" source="C:\Users\vikky\PycharmProjects\Automation\TestCases\ScrollingPage.robot">
<test id="s1-t1" name="ScrollingTest">
<kw name="Open Browser" library="SeleniumLibrary">
<doc>Opens a new browser instance to the optional ``url``.</doc>
<arguments>
<arg>https://www.countries-ofthe-world.com/flags-of-the-world.html</arg>
<arg>chrome</arg>
</arguments>
<msg timestamp="20201228 20:21:41.683" level="INFO">Opening browser 'chrome' to base url 'https://www.countries-ofthe-world.com/flags-of-the-world.html'.</msg>
<status status="PASS" starttime="20201228 20:21:41.683" endtime="20201228 20:21:53.992"></status>
</kw>
<kw name="Maximize Browser Window" library="SeleniumLibrary">
<doc>Maximizes current browser window.</doc>
<status status="PASS" starttime="20201228 20:21:53.993" endtime="20201228 20:21:56.224"></status>
</kw>
<kw name="Execute Javascript" library="SeleniumLibrary">
<doc>Executes the given JavaScript code with possible arguments.</doc>
<arguments>
<arg>window.scrollTo(0,2500)</arg>
</arguments>
<msg timestamp="20201228 20:21:56.225" level="INFO">Executing JavaScript:
window.scrollTo(0,2500)
Without any arguments.</msg>
<status status="PASS" starttime="20201228 20:21:56.224" endtime="20201228 20:21:56.232"></status>
</kw>
<kw name="Close Browser" library="SeleniumLibrary">
<doc>Closes the current browser.</doc>
<status status="PASS" starttime="20201228 20:21:56.232" endtime="20201228 20:22:00.451"></status>
</kw>
<status status="PASS" starttime="20201228 20:21:41.682" endtime="20201228 20:22:00.452" critical="yes"></status>
</test>
<status status="PASS" starttime="20201228 20:21:41.380" endtime="20201228 20:22:00.454"></status>
</suite>
<statistics>
<total>
<stat pass="1" fail="0">Critical Tests</stat>
<stat pass="1" fail="0">All Tests</stat>
</total>
<tag>
</tag>
<suite>
<stat pass="1" fail="0" id="s1" name="ScrollingPage">ScrollingPage</stat>
</suite>
</statistics>
<errors>
</errors>
</robot>
