<?xml version="1.0" encoding="UTF-8"?>
<robot generator="Robot 3.2.2 (Python 3.9.0 on win32)" generated="20201223 17:38:46.080" rpa="false">
<suite id="s1" name="SpeedTest" source="C:\Users\vikky\PycharmProjects\Automation\TestCases\SpeedTest.robot">
<test id="s1-t1" name="RegTest">
<kw name="Open Browser" library="SeleniumLibrary">
<doc>Opens a new browser instance to the optional ``url``.</doc>
<arguments>
<arg>http://demowebshop.tricentis.com/register</arg>
<arg>chrome</arg>
</arguments>
<msg timestamp="20201223 17:38:46.487" level="INFO">Opening browser 'chrome' to base url 'http://demowebshop.tricentis.com/register'.</msg>
<status status="PASS" starttime="20201223 17:38:46.487" endtime="20201223 17:38:56.583"></status>
</kw>
<kw name="Maximize Browser Window" library="SeleniumLibrary">
<doc>Maximizes current browser window.</doc>
<status status="PASS" starttime="20201223 17:38:56.583" endtime="20201223 17:38:58.723"></status>
</kw>
<kw name="Set Selenium Speed" library="SeleniumLibrary">
<doc>Sets the delay that is waited after each Selenium command.</doc>
<arguments>
<arg>1</arg>
</arguments>
<status status="PASS" starttime="20201223 17:38:58.723" endtime="20201223 17:38:58.723"></status>
</kw>
<kw name="Select Radio Button" library="SeleniumLibrary">
<doc>Sets the radio button group ``group_name`` to ``value``.</doc>
<arguments>
<arg>Gender</arg>
<arg>M</arg>
</arguments>
<msg timestamp="20201223 17:38:58.723" level="INFO">Selecting 'M' from radio button 'Gender'.</msg>
<status status="PASS" starttime="20201223 17:38:58.723" endtime="20201223 17:39:02.858"></status>
</kw>
<kw name="Input Text" library="SeleniumLibrary">
<doc>Types the given ``text`` into the text field identified by ``locator``.</doc>
<arguments>
<arg>name:FirstName</arg>
<arg>Vikky</arg>
</arguments>
<msg timestamp="20201223 17:39:02.858" level="INFO">Typing text 'Vikky' into text field 'name:FirstName'.</msg>
<status status="PASS" starttime="20201223 17:39:02.858" endtime="20201223 17:39:06.275"></status>
</kw>
<kw name="Input Text" library="SeleniumLibrary">
<doc>Types the given ``text`` into the text field identified by ``locator``.</doc>
<arguments>
<arg>name:LastName</arg>
<arg>Ranjan</arg>
</arguments>
<msg timestamp="20201223 17:39:06.275" level="INFO">Typing text 'Ranjan' into text field 'name:LastName'.</msg>
<status status="PASS" starttime="20201223 17:39:06.275" endtime="20201223 17:39:09.418"></status>
</kw>
<kw name="Input Text" library="SeleniumLibrary">
<doc>Types the given ``text`` into the text field identified by ``locator``.</doc>
<arguments>
<arg>name:Email</arg>
<arg>vikky.ranjan2@gmail.com</arg>
</arguments>
<msg timestamp="20201223 17:39:09.418" level="INFO">Typing text 'vikky.ranjan2@gmail.com' into text field 'name:Email'.</msg>
<status status="PASS" starttime="20201223 17:39:09.418" endtime="20201223 17:39:12.601"></status>
</kw>
<kw name="Input Text" library="SeleniumLibrary">
<doc>Types the given ``text`` into the text field identified by ``locator``.</doc>
<arguments>
<arg>name:Password</arg>
<arg>vikky123</arg>
</arguments>
<msg timestamp="20201223 17:39:12.601" level="INFO">Typing text 'vikky123' into text field 'name:Password'.</msg>
<status status="PASS" starttime="20201223 17:39:12.601" endtime="20201223 17:39:15.748"></status>
</kw>
<kw name="Input Text" library="SeleniumLibrary">
<doc>Types the given ``text`` into the text field identified by ``locator``.</doc>
<arguments>
<arg>name:ConfirmPassword</arg>
<arg>vikky123</arg>
</arguments>
<msg timestamp="20201223 17:39:15.748" level="INFO">Typing text 'vikky123' into text field 'name:ConfirmPassword'.</msg>
<status status="PASS" starttime="20201223 17:39:15.748" endtime="20201223 17:39:18.909"></status>
</kw>
<kw name="Close Browser" library="SeleniumLibrary">
<doc>Closes the current browser.</doc>
<status status="PASS" starttime="20201223 17:39:18.909" endtime="20201223 17:39:22.723"></status>
</kw>
<status status="PASS" starttime="20201223 17:38:46.487" endtime="20201223 17:39:22.723" critical="yes"></status>
</test>
<status status="PASS" starttime="20201223 17:38:46.080" endtime="20201223 17:39:22.723"></status>
</suite>
<statistics>
<total>
<stat pass="1" fail="0">Critical Tests</stat>
<stat pass="1" fail="0">All Tests</stat>
</total>
<tag>
</tag>
<suite>
<stat pass="1" fail="0" id="s1" name="SpeedTest">SpeedTest</stat>
</suite>
</statistics>
<errors>
</errors>
</robot>
