<?xml version="1.0" encoding="UTF-8"?>
<robot generator="Robot 3.2.2 (Python 3.9.0 on win32)" generated="20201227 21:35:24.009" rpa="false">
<suite id="s1" name="Alerts" source="C:\Users\vikky\PycharmProjects\Automation\TestCases\Alerts.robot">
<test id="s1-t1" name="HandlingAlerts">
<kw name="Open Browser" library="SeleniumLibrary">
<doc>Opens a new browser instance to the optional ``url``.</doc>
<arguments>
<arg>https://testautomationpractice.blogspot.com/</arg>
<arg>chrome</arg>
</arguments>
<msg timestamp="20201227 21:35:26.848" level="INFO">Opening browser 'chrome' to base url 'https://testautomationpractice.blogspot.com/'.</msg>
<status status="PASS" starttime="20201227 21:35:26.848" endtime="20201227 21:35:45.365"></status>
</kw>
<kw name="Click Element" library="SeleniumLibrary">
<doc>Click the element identified by ``locator``.</doc>
<arguments>
<arg>xpath://*[@id="HTML9"]/div[1]/button</arg>
</arguments>
<msg timestamp="20201227 21:35:45.365" level="INFO">Clicking element 'xpath://*[@id="HTML9"]/div[1]/button'.</msg>
<status status="PASS" starttime="20201227 21:35:45.365" endtime="20201227 21:35:45.667"></status>
</kw>
<kw name="Sleep" library="BuiltIn">
<doc>Pauses the test executed for the given time.</doc>
<arguments>
<arg>3</arg>
</arguments>
<msg timestamp="20201227 21:35:48.676" level="INFO">Slept 3 seconds</msg>
<status status="PASS" starttime="20201227 21:35:45.667" endtime="20201227 21:35:48.676"></status>
</kw>
<kw name="Alert Should Be Present" library="SeleniumLibrary">
<doc>Verifies that an alert is present and by default, accepts it.</doc>
<arguments>
<arg>Press a button!</arg>
</arguments>
<status status="PASS" starttime="20201227 21:35:48.676" endtime="20201227 21:35:48.676"></status>
</kw>
<status status="PASS" starttime="20201227 21:35:26.848" endtime="20201227 21:35:48.676" critical="yes"></status>
</test>
<status status="PASS" starttime="20201227 21:35:24.011" endtime="20201227 21:35:48.683"></status>
</suite>
<statistics>
<total>
<stat pass="1" fail="0">Critical Tests</stat>
<stat pass="1" fail="0">All Tests</stat>
</total>
<tag>
</tag>
<suite>
<stat pass="1" fail="0" id="s1" name="Alerts">Alerts</stat>
</suite>
</statistics>
<errors>
</errors>
</robot>
