<?xml version="1.0" encoding="UTF-8"?>
<robot generator="Robot 3.2.2 (Python 3.9.0 on win32)" generated="20201228 20:57:02.341" rpa="false">
<suite id="s1" name="ForLoopDemo" source="C:\Users\vikky\PycharmProjects\Automation\TestCases\ForLoopDemo.robot">
<test id="s1-t1" name="Forloop2">
<kw name="${i} IN [ 1 | 2 | 3 | 4 | 5 | 6 | 7 | 8 ]" type="for">
<msg timestamp="20201228 20:57:02.376" level="WARN">Error in file 'C:\Users\vikky\PycharmProjects\Automation\TestCases\ForLoopDemo.robot' in FOR loop starting on line 8: For loop header ':FOR' is deprecated. Use 'FOR' instead.</msg>
<msg timestamp="20201228 20:57:02.377" level="WARN">Error in file 'C:\Users\vikky\PycharmProjects\Automation\TestCases\ForLoopDemo.robot' in FOR loop starting on line 8: Marking for loop body with '\' is deprecated. Remove markers and use 'END' instead.</msg>
<kw name="${i} = 1" type="foritem">
<kw name="Log To Console" library="BuiltIn">
<doc>Logs the given message to the console.</doc>
<arguments>
<arg>${i}</arg>
</arguments>
<status status="PASS" starttime="20201228 20:57:02.379" endtime="20201228 20:57:02.379"></status>
</kw>
<status status="PASS" starttime="20201228 20:57:02.378" endtime="20201228 20:57:02.379"></status>
</kw>
<kw name="${i} = 2" type="foritem">
<kw name="Log To Console" library="BuiltIn">
<doc>Logs the given message to the console.</doc>
<arguments>
<arg>${i}</arg>
</arguments>
<status status="PASS" starttime="20201228 20:57:02.380" endtime="20201228 20:57:02.380"></status>
</kw>
<status status="PASS" starttime="20201228 20:57:02.379" endtime="20201228 20:57:02.380"></status>
</kw>
<kw name="${i} = 3" type="foritem">
<kw name="Log To Console" library="BuiltIn">
<doc>Logs the given message to the console.</doc>
<arguments>
<arg>${i}</arg>
</arguments>
<status status="PASS" starttime="20201228 20:57:02.380" endtime="20201228 20:57:02.381"></status>
</kw>
<status status="PASS" starttime="20201228 20:57:02.380" endtime="20201228 20:57:02.381"></status>
</kw>
<kw name="${i} = 4" type="foritem">
<kw name="Log To Console" library="BuiltIn">
<doc>Logs the given message to the console.</doc>
<arguments>
<arg>${i}</arg>
</arguments>
<status status="PASS" starttime="20201228 20:57:02.381" endtime="20201228 20:57:02.382"></status>
</kw>
<status status="PASS" starttime="20201228 20:57:02.381" endtime="20201228 20:57:02.382"></status>
</kw>
<kw name="${i} = 5" type="foritem">
<kw name="Log To Console" library="BuiltIn">
<doc>Logs the given message to the console.</doc>
<arguments>
<arg>${i}</arg>
</arguments>
<status status="PASS" starttime="20201228 20:57:02.382" endtime="20201228 20:57:02.382"></status>
</kw>
<status status="PASS" starttime="20201228 20:57:02.382" endtime="20201228 20:57:02.382"></status>
</kw>
<kw name="${i} = 6" type="foritem">
<kw name="Log To Console" library="BuiltIn">
<doc>Logs the given message to the console.</doc>
<arguments>
<arg>${i}</arg>
</arguments>
<status status="PASS" starttime="20201228 20:57:02.383" endtime="20201228 20:57:02.383"></status>
</kw>
<status status="PASS" starttime="20201228 20:57:02.382" endtime="20201228 20:57:02.383"></status>
</kw>
<kw name="${i} = 7" type="foritem">
<kw name="Log To Console" library="BuiltIn">
<doc>Logs the given message to the console.</doc>
<arguments>
<arg>${i}</arg>
</arguments>
<status status="PASS" starttime="20201228 20:57:02.383" endtime="20201228 20:57:02.384"></status>
</kw>
<status status="PASS" starttime="20201228 20:57:02.383" endtime="20201228 20:57:02.384"></status>
</kw>
<kw name="${i} = 8" type="foritem">
<kw name="Log To Console" library="BuiltIn">
<doc>Logs the given message to the console.</doc>
<arguments>
<arg>${i}</arg>
</arguments>
<status status="PASS" starttime="20201228 20:57:02.384" endtime="20201228 20:57:02.385"></status>
</kw>
<status status="PASS" starttime="20201228 20:57:02.384" endtime="20201228 20:57:02.385"></status>
</kw>
<status status="PASS" starttime="20201228 20:57:02.376" endtime="20201228 20:57:02.385"></status>
</kw>
<status status="PASS" starttime="20201228 20:57:02.376" endtime="20201228 20:57:02.385" critical="yes"></status>
</test>
<status status="PASS" starttime="20201228 20:57:02.343" endtime="20201228 20:57:02.387"></status>
</suite>
<statistics>
<total>
<stat pass="1" fail="0">Critical Tests</stat>
<stat pass="1" fail="0">All Tests</stat>
</total>
<tag>
</tag>
<suite>
<stat pass="1" fail="0" id="s1" name="ForLoopDemo">ForLoopDemo</stat>
</suite>
</statistics>
<errors>
<msg timestamp="20201228 20:57:02.376" level="WARN">Error in file 'C:\Users\vikky\PycharmProjects\Automation\TestCases\ForLoopDemo.robot' in FOR loop starting on line 8: For loop header ':FOR' is deprecated. Use 'FOR' instead.</msg>
<msg timestamp="20201228 20:57:02.377" level="WARN">Error in file 'C:\Users\vikky\PycharmProjects\Automation\TestCases\ForLoopDemo.robot' in FOR loop starting on line 8: Marking for loop body with '\' is deprecated. Remove markers and use 'END' instead.</msg>
</errors>
</robot>
