<?xml version="1.0" encoding="UTF-8"?>
<robot generator="Robot 3.2.2 (Python 3.9.0 on win32)" generated="20201228 21:05:54.614" rpa="false">
<suite id="s1" name="ForLoopDemo" source="C:\Users\vikky\PycharmProjects\Automation\TestCases\ForLoopDemo.robot">
<test id="s1-t1" name="Forlopp3withList">
<kw name="Create List" library="BuiltIn">
<doc>Returns a list containing given items.</doc>
<arguments>
<arg>1</arg>
<arg>2</arg>
<arg>3</arg>
<arg>4</arg>
<arg>5</arg>
</arguments>
<assign>
<var>@{items}</var>
</assign>
<msg timestamp="20201228 21:05:54.650" level="INFO">@{items} = [ 1 | 2 | 3 | 4 | 5 ]</msg>
<status status="PASS" starttime="20201228 21:05:54.649" endtime="20201228 21:05:54.650"></status>
</kw>
<kw name="${i} IN [ @{items} ]" type="for">
<msg timestamp="20201228 21:05:54.650" level="WARN">Error in file 'C:\Users\vikky\PycharmProjects\Automation\TestCases\ForLoopDemo.robot' in FOR loop starting on line 15: For loop header ': FOR' is deprecated. Use 'FOR' instead.</msg>
<msg timestamp="20201228 21:05:54.651" level="WARN">Error in file 'C:\Users\vikky\PycharmProjects\Automation\TestCases\ForLoopDemo.robot' in FOR loop starting on line 15: Marking for loop body with '\' is deprecated. Remove markers and use 'END' instead.</msg>
<kw name="${i} = 1" type="foritem">
<kw name="Log To Console" library="BuiltIn">
<doc>Logs the given message to the console.</doc>
<arguments>
<arg>${i}</arg>
</arguments>
<status status="PASS" starttime="20201228 21:05:54.653" endtime="20201228 21:05:54.653"></status>
</kw>
<status status="PASS" starttime="20201228 21:05:54.652" endtime="20201228 21:05:54.653"></status>
</kw>
<kw name="${i} = 2" type="foritem">
<kw name="Log To Console" library="BuiltIn">
<doc>Logs the given message to the console.</doc>
<arguments>
<arg>${i}</arg>
</arguments>
<status status="PASS" starttime="20201228 21:05:54.653" endtime="20201228 21:05:54.654"></status>
</kw>
<status status="PASS" starttime="20201228 21:05:54.653" endtime="20201228 21:05:54.654"></status>
</kw>
<kw name="${i} = 3" type="foritem">
<kw name="Log To Console" library="BuiltIn">
<doc>Logs the given message to the console.</doc>
<arguments>
<arg>${i}</arg>
</arguments>
<status status="PASS" starttime="20201228 21:05:54.654" endtime="20201228 21:05:54.655"></status>
</kw>
<status status="PASS" starttime="20201228 21:05:54.654" endtime="20201228 21:05:54.655"></status>
</kw>
<kw name="${i} = 4" type="foritem">
<kw name="Log To Console" library="BuiltIn">
<doc>Logs the given message to the console.</doc>
<arguments>
<arg>${i}</arg>
</arguments>
<status status="PASS" starttime="20201228 21:05:54.655" endtime="20201228 21:05:54.655"></status>
</kw>
<status status="PASS" starttime="20201228 21:05:54.655" endtime="20201228 21:05:54.655"></status>
</kw>
<kw name="${i} = 5" type="foritem">
<kw name="Log To Console" library="BuiltIn">
<doc>Logs the given message to the console.</doc>
<arguments>
<arg>${i}</arg>
</arguments>
<status status="PASS" starttime="20201228 21:05:54.656" endtime="20201228 21:05:54.656"></status>
</kw>
<status status="PASS" starttime="20201228 21:05:54.655" endtime="20201228 21:05:54.656"></status>
</kw>
<status status="PASS" starttime="20201228 21:05:54.650" endtime="20201228 21:05:54.656"></status>
</kw>
<status status="PASS" starttime="20201228 21:05:54.649" endtime="20201228 21:05:54.657" critical="yes"></status>
</test>
<status status="PASS" starttime="20201228 21:05:54.616" endtime="20201228 21:05:54.658"></status>
</suite>
<statistics>
<total>
<stat pass="1" fail="0">Critical Tests</stat>
<stat pass="1" fail="0">All Tests</stat>
</total>
<tag>
</tag>
<suite>
<stat pass="1" fail="0" id="s1" name="ForLoopDemo">ForLoopDemo</stat>
</suite>
</statistics>
<errors>
<msg timestamp="20201228 21:05:54.650" level="WARN">Error in file 'C:\Users\vikky\PycharmProjects\Automation\TestCases\ForLoopDemo.robot' in FOR loop starting on line 15: For loop header ': FOR' is deprecated. Use 'FOR' instead.</msg>
<msg timestamp="20201228 21:05:54.651" level="WARN">Error in file 'C:\Users\vikky\PycharmProjects\Automation\TestCases\ForLoopDemo.robot' in FOR loop starting on line 15: Marking for loop body with '\' is deprecated. Remove markers and use 'END' instead.</msg>
</errors>
</robot>
