<?xml version="1.0" encoding="UTF-8"?>
<robot generator="Robot 3.2.2 (Python 3.9.0 on win32)" generated="20201228 20:18:22.542" rpa="false">
<suite id="s1" name="ScrollingPage" source="C:\Users\vikky\PycharmProjects\Automation\TestCases\ScrollingPage.robot">
<test id="s1-t1" name="ScrollingTest">
<kw name="Open Browser" library="SeleniumLibrary">
<doc>Opens a new browser instance to the optional ``url``.</doc>
<arguments>
<arg>https://www.countries-ofthe-world.com/flags-of-the-world.html</arg>
<arg>chrome</arg>
</arguments>
<msg timestamp="20201228 20:18:22.897" level="INFO">Opening browser 'chrome' to base url 'https://www.countries-ofthe-world.com/flags-of-the-world.html'.</msg>
<status status="PASS" starttime="20201228 20:18:22.896" endtime="20201228 20:18:43.242"></status>
</kw>
<kw name="Execute Javascript" library="SeleniumLibrary">
<doc>Executes the given JavaScript code with possible arguments.</doc>
<arguments>
<arg>window.scrollTo(0,1500)</arg>
</arguments>
<msg timestamp="20201228 20:18:43.243" level="INFO">Executing JavaScript:
window.scrollTo(0,1500)
Without any arguments.</msg>
<status status="PASS" starttime="20201228 20:18:43.243" endtime="20201228 20:18:43.258"></status>
</kw>
<status status="PASS" starttime="20201228 20:18:22.895" endtime="20201228 20:18:43.259" critical="yes"></status>
</test>
<status status="PASS" starttime="20201228 20:18:22.553" endtime="20201228 20:18:43.262"></status>
</suite>
<statistics>
<total>
<stat pass="1" fail="0">Critical Tests</stat>
<stat pass="1" fail="0">All Tests</stat>
</total>
<tag>
</tag>
<suite>
<stat pass="1" fail="0" id="s1" name="ScrollingPage">ScrollingPage</stat>
</suite>
</statistics>
<errors>
</errors>
</robot>
