<?xml version="1.0" encoding="UTF-8"?>
<robot generator="Robot 3.2.2 (Python 3.9.0 on win32)" generated="20201224 01:21:49.690" rpa="false">
<suite id="s1" name="CloseAll" source="C:\Users\vikky\PycharmProjects\Automation\TestCases\CloseAll.robot">
<test id="s1-t1" name="MyTestCases">
<kw name="Open Browser" library="SeleniumLibrary">
<doc>Opens a new browser instance to the optional ``url``.</doc>
<arguments>
<arg>http://demowebshop.tricentis.com/register</arg>
<arg>chrome</arg>
</arguments>
<msg timestamp="20201224 01:21:50.028" level="INFO">Opening browser 'chrome' to base url 'http://demowebshop.tricentis.com/register'.</msg>
<status status="PASS" starttime="20201224 01:21:50.027" endtime="20201224 01:21:58.150"></status>
</kw>
<kw name="Maximize Browser Window" library="SeleniumLibrary">
<doc>Maximizes current browser window.</doc>
<status status="PASS" starttime="20201224 01:21:58.151" endtime="20201224 01:22:00.770"></status>
</kw>
<kw name="Open Browser" library="SeleniumLibrary">
<doc>Opens a new browser instance to the optional ``url``.</doc>
<arguments>
<arg>http://automationpractice.com/index.php</arg>
<arg>chrome</arg>
</arguments>
<msg timestamp="20201224 01:22:00.770" level="INFO">Opening browser 'chrome' to base url 'http://automationpractice.com/index.php'.</msg>
<status status="PASS" starttime="20201224 01:22:00.770" endtime="20201224 01:22:12.933"></status>
</kw>
<kw name="Maximize Browser Window" library="SeleniumLibrary">
<doc>Maximizes current browser window.</doc>
<status status="PASS" starttime="20201224 01:22:12.933" endtime="20201224 01:22:15.134"></status>
</kw>
<kw name="Close All Browsers" library="SeleniumLibrary">
<doc>Closes all open browsers and resets the browser cache.</doc>
<status status="PASS" starttime="20201224 01:22:15.135" endtime="20201224 01:22:21.100"></status>
</kw>
<status status="PASS" starttime="20201224 01:21:50.026" endtime="20201224 01:22:21.101" critical="yes"></status>
</test>
<status status="PASS" starttime="20201224 01:21:49.693" endtime="20201224 01:22:21.103"></status>
</suite>
<statistics>
<total>
<stat pass="1" fail="0">Critical Tests</stat>
<stat pass="1" fail="0">All Tests</stat>
</total>
<tag>
</tag>
<suite>
<stat pass="1" fail="0" id="s1" name="CloseAll">CloseAll</stat>
</suite>
</statistics>
<errors>
</errors>
</robot>
