<?xml version="1.0" encoding="UTF-8"?>
<robot generator="Robot 3.2.2 (Python 3.9.0 on win32)" generated="20201228 01:21:38.960" rpa="false">
<suite id="s1" name="CaptureScreen" source="C:\Users\vikky\PycharmProjects\Automation\TestCases\CaptureScreen.robot">
<test id="s1-t1" name="LoginTC">
<kw name="Open Browser" library="SeleniumLibrary">
<doc>Opens a new browser instance to the optional ``url``.</doc>
<arguments>
<arg>https://opensource-demo.orangehrmlive.com/</arg>
<arg>chrome</arg>
</arguments>
<msg timestamp="20201228 01:21:39.265" level="INFO">Opening browser 'chrome' to base url 'https://opensource-demo.orangehrmlive.com/'.</msg>
<status status="PASS" starttime="20201228 01:21:39.265" endtime="20201228 01:21:47.998"></status>
</kw>
<kw name="Input Text" library="SeleniumLibrary">
<doc>Types the given ``text`` into the text field identified by ``locator``.</doc>
<arguments>
<arg>id:txtUsername</arg>
<arg>Admin</arg>
</arguments>
<msg timestamp="20201228 01:21:47.999" level="INFO">Typing text 'Admin' into text field 'id:txtUsername'.</msg>
<status status="PASS" starttime="20201228 01:21:47.998" endtime="20201228 01:21:48.193"></status>
</kw>
<kw name="Input Text" library="SeleniumLibrary">
<doc>Types the given ``text`` into the text field identified by ``locator``.</doc>
<arguments>
<arg>id:txtPassword</arg>
<arg>admin123</arg>
</arguments>
<msg timestamp="20201228 01:21:48.194" level="INFO">Typing text 'admin123' into text field 'id:txtPassword'.</msg>
<status status="PASS" starttime="20201228 01:21:48.194" endtime="20201228 01:21:48.395"></status>
</kw>
<kw name="Capture Element Screenshot" library="SeleniumLibrary">
<doc>Captures a screenshot from the element identified by ``locator`` and embeds it into log file.</doc>
<arguments>
<arg>xpath://*[@id="divLogo"]/img</arg>
<arg>Logo.png</arg>
</arguments>
<msg timestamp="20201228 01:21:49.221" level="INFO" html="yes">&lt;/td&gt;&lt;/tr&gt;&lt;tr&gt;&lt;td colspan="3"&gt;&lt;a href="Logo.png"&gt;&lt;img src="Logo.png" width="400px"&gt;&lt;/a&gt;</msg>
<status status="PASS" starttime="20201228 01:21:48.397" endtime="20201228 01:21:49.221"></status>
</kw>
<kw name="Capture Page Screenshot" library="SeleniumLibrary">
<doc>Takes a screenshot of the current page and embeds it into a log file.</doc>
<arguments>
<arg>LoginTC.png</arg>
</arguments>
<msg timestamp="20201228 01:21:49.578" level="INFO" html="yes">&lt;/td&gt;&lt;/tr&gt;&lt;tr&gt;&lt;td colspan="3"&gt;&lt;a href="LoginTC.png"&gt;&lt;img src="LoginTC.png" width="800px"&gt;&lt;/a&gt;</msg>
<status status="PASS" starttime="20201228 01:21:49.222" endtime="20201228 01:21:49.578"></status>
</kw>
<status status="PASS" starttime="20201228 01:21:39.263" endtime="20201228 01:21:49.579" critical="yes"></status>
</test>
<status status="PASS" starttime="20201228 01:21:38.963" endtime="20201228 01:21:49.581"></status>
</suite>
<statistics>
<total>
<stat pass="1" fail="0">Critical Tests</stat>
<stat pass="1" fail="0">All Tests</stat>
</total>
<tag>
</tag>
<suite>
<stat pass="1" fail="0" id="s1" name="CaptureScreen">CaptureScreen</stat>
</suite>
</statistics>
<errors>
</errors>
</robot>
