<?xml version="1.0" encoding="UTF-8"?>
<robot generator="Robot 3.2.2 (Python 3.9.0 on win32)" generated="20201228 19:27:17.053" rpa="false">
<suite id="s1" name="Userkeywords" source="C:\Users\vikky\PycharmProjects\Automation\TestCases\Userkeywords.robot">
<test id="s1-t1" name="TC1">
<kw name="launchBrowser">
<arguments>
<arg>${url}</arg>
<arg>${browser}</arg>
</arguments>
<assign>
<var>${PageTitle}</var>
</assign>
<kw name="Open Browser" library="SeleniumLibrary">
<doc>Opens a new browser instance to the optional ``url``.</doc>
<arguments>
<arg>${appurl}</arg>
<arg>${appbrowser}</arg>
</arguments>
<msg timestamp="20201228 19:27:17.422" level="INFO">Opening browser 'chrome' to base url 'https://www.facebook.com/'.</msg>
<status status="PASS" starttime="20201228 19:27:17.422" endtime="20201228 19:27:45.486"></status>
</kw>
<kw name="Maximize Browser Window" library="SeleniumLibrary">
<doc>Maximizes current browser window.</doc>
<status status="PASS" starttime="20201228 19:27:45.494" endtime="20201228 19:27:47.657"></status>
</kw>
<kw name="Get Title" library="SeleniumLibrary">
<doc>Returns the title of the current page.</doc>
<assign>
<var>${title}</var>
</assign>
<msg timestamp="20201228 19:27:47.689" level="INFO">${title} = Facebook – log in or sign up</msg>
<status status="PASS" starttime="20201228 19:27:47.657" endtime="20201228 19:27:47.719"></status>
</kw>
<msg timestamp="20201228 19:27:47.719" level="INFO">${PageTitle} = Facebook – log in or sign up</msg>
<status status="PASS" starttime="20201228 19:27:17.406" endtime="20201228 19:27:47.719"></status>
</kw>
<kw name="Log To Console" library="BuiltIn">
<doc>Logs the given message to the console.</doc>
<arguments>
<arg>${PageTitle}</arg>
</arguments>
<status status="PASS" starttime="20201228 19:27:47.719" endtime="20201228 19:27:47.719"></status>
</kw>
<kw name="Log" library="BuiltIn">
<doc>Logs the given message with the given level.</doc>
<arguments>
<arg>${PageTitle}</arg>
</arguments>
<msg timestamp="20201228 19:27:47.719" level="INFO">Facebook – log in or sign up</msg>
<status status="PASS" starttime="20201228 19:27:47.719" endtime="20201228 19:27:47.719"></status>
</kw>
<kw name="Input Text" library="SeleniumLibrary">
<doc>Types the given ``text`` into the text field identified by ``locator``.</doc>
<arguments>
<arg>name:email</arg>
<arg>mercury</arg>
</arguments>
<msg timestamp="20201228 19:27:47.719" level="INFO">Typing text 'mercury' into text field 'name:email'.</msg>
<status status="PASS" starttime="20201228 19:27:47.719" endtime="20201228 19:27:48.086"></status>
</kw>
<kw name="Input Text" library="SeleniumLibrary">
<doc>Types the given ``text`` into the text field identified by ``locator``.</doc>
<arguments>
<arg>name:pass</arg>
<arg>mercury</arg>
</arguments>
<msg timestamp="20201228 19:27:48.086" level="INFO">Typing text 'mercury' into text field 'name:pass'.</msg>
<status status="PASS" starttime="20201228 19:27:48.086" endtime="20201228 19:27:48.296"></status>
</kw>
<status status="PASS" starttime="20201228 19:27:17.406" endtime="20201228 19:27:48.296" critical="yes"></status>
</test>
<status status="PASS" starttime="20201228 19:27:17.053" endtime="20201228 19:27:48.296"></status>
</suite>
<statistics>
<total>
<stat pass="1" fail="0">Critical Tests</stat>
<stat pass="1" fail="0">All Tests</stat>
</total>
<tag>
</tag>
<suite>
<stat pass="1" fail="0" id="s1" name="Userkeywords">Userkeywords</stat>
</suite>
</statistics>
<errors>
</errors>
</robot>
