<?xml version="1.0" encoding="UTF-8"?>
<robot generator="Robot 3.2.2 (Python 3.9.0 on win32)" generated="20201228 00:42:27.729" rpa="false">
<suite id="s1" name="SwitchMultipleBrowser" source="C:\Users\vikky\PycharmProjects\Automation\TestCases\SwitchMultipleBrowser.robot">
<test id="s1-t1" name="MultiBrowsersTest">
<kw name="Open Browser" library="SeleniumLibrary">
<doc>Opens a new browser instance to the optional ``url``.</doc>
<arguments>
<arg>https://www.google.com</arg>
<arg>chrome</arg>
</arguments>
<msg timestamp="20201228 00:42:28.041" level="INFO">Opening browser 'chrome' to base url 'https://www.google.com'.</msg>
<status status="PASS" starttime="20201228 00:42:28.041" endtime="20201228 00:42:36.515"></status>
</kw>
<kw name="Maximize Browser Window" library="SeleniumLibrary">
<doc>Maximizes current browser window.</doc>
<status status="PASS" starttime="20201228 00:42:36.516" endtime="20201228 00:42:38.671"></status>
</kw>
<kw name="Sleep" library="BuiltIn">
<doc>Pauses the test executed for the given time.</doc>
<arguments>
<arg>2</arg>
</arguments>
<msg timestamp="20201228 00:42:40.677" level="INFO">Slept 2 seconds</msg>
<status status="PASS" starttime="20201228 00:42:38.671" endtime="20201228 00:42:40.677"></status>
</kw>
<kw name="Open Browser" library="SeleniumLibrary">
<doc>Opens a new browser instance to the optional ``url``.</doc>
<arguments>
<arg>https://www.bing.com</arg>
<arg>chrome</arg>
</arguments>
<msg timestamp="20201228 00:42:40.677" level="INFO">Opening browser 'chrome' to base url 'https://www.bing.com'.</msg>
<status status="PASS" starttime="20201228 00:42:40.677" endtime="20201228 00:42:46.413"></status>
</kw>
<kw name="Maximize Browser Window" library="SeleniumLibrary">
<doc>Maximizes current browser window.</doc>
<status status="PASS" starttime="20201228 00:42:46.414" endtime="20201228 00:42:49.308"></status>
</kw>
<kw name="Switch Browser" library="SeleniumLibrary">
<doc>Switches between active browsers using ``index_or_alias``.</doc>
<arguments>
<arg>1</arg>
</arguments>
<status status="PASS" starttime="20201228 00:42:49.309" endtime="20201228 00:42:49.309"></status>
</kw>
<kw name="Get Title" library="SeleniumLibrary">
<doc>Returns the title of the current page.</doc>
<assign>
<var>${title1}</var>
</assign>
<msg timestamp="20201228 00:42:49.723" level="INFO">${title1} = Google</msg>
<status status="PASS" starttime="20201228 00:42:49.310" endtime="20201228 00:42:49.723"></status>
</kw>
<kw name="Log To Console" library="BuiltIn">
<doc>Logs the given message to the console.</doc>
<arguments>
<arg>${title1}</arg>
</arguments>
<status status="PASS" starttime="20201228 00:42:49.724" endtime="20201228 00:42:49.724"></status>
</kw>
<kw name="Switch Browser" library="SeleniumLibrary">
<doc>Switches between active browsers using ``index_or_alias``.</doc>
<arguments>
<arg>2</arg>
</arguments>
<status status="PASS" starttime="20201228 00:42:49.725" endtime="20201228 00:42:49.725"></status>
</kw>
<kw name="Get Title" library="SeleniumLibrary">
<doc>Returns the title of the current page.</doc>
<assign>
<var>${title2}</var>
</assign>
<msg timestamp="20201228 00:42:50.430" level="INFO">${title2} = Bing</msg>
<status status="PASS" starttime="20201228 00:42:49.726" endtime="20201228 00:42:50.430"></status>
</kw>
<kw name="Log To Console" library="BuiltIn">
<doc>Logs the given message to the console.</doc>
<arguments>
<arg>${title2}</arg>
</arguments>
<status status="PASS" starttime="20201228 00:42:50.430" endtime="20201228 00:42:50.430"></status>
</kw>
<kw name="Sleep" library="BuiltIn">
<doc>Pauses the test executed for the given time.</doc>
<arguments>
<arg>3</arg>
</arguments>
<msg timestamp="20201228 00:42:53.431" level="INFO">Slept 3 seconds</msg>
<status status="PASS" starttime="20201228 00:42:50.430" endtime="20201228 00:42:53.431"></status>
</kw>
<kw name="Close All Browsers" library="SeleniumLibrary">
<doc>Closes all open browsers and resets the browser cache.</doc>
<status status="PASS" starttime="20201228 00:42:53.432" endtime="20201228 00:42:58.362"></status>
</kw>
<status status="PASS" starttime="20201228 00:42:28.040" endtime="20201228 00:42:58.363" critical="yes"></status>
</test>
<status status="PASS" starttime="20201228 00:42:27.731" endtime="20201228 00:42:58.366"></status>
</suite>
<statistics>
<total>
<stat pass="1" fail="0">Critical Tests</stat>
<stat pass="1" fail="0">All Tests</stat>
</total>
<tag>
</tag>
<suite>
<stat pass="1" fail="0" id="s1" name="SwitchMultipleBrowser">SwitchMultipleBrowser</stat>
</suite>
</statistics>
<errors>
</errors>
</robot>
