<?xml version="1.0" encoding="UTF-8"?>
<robot generator="Robot 3.2.2 (Python 3.9.0 on win32)" generated="20201228 22:48:48.807" rpa="false">
<suite id="s1" name="ForLoopDemo" source="C:\Users\vikky\PycharmProjects\Automation\TestCases\ForLoopDemo.robot">
<test id="s1-t1" name="Forloop5">
<kw name="Create List" library="BuiltIn">
<doc>Returns a list containing given items.</doc>
<arguments>
<arg>john</arg>
<arg>david</arg>
<arg>smith</arg>
<arg>scott</arg>
</arguments>
<assign>
<var>@{nameslist}</var>
</assign>
<msg timestamp="20201228 22:48:48.843" level="INFO">@{nameslist} = [ john | david | smith | scott ]</msg>
<status status="PASS" starttime="20201228 22:48:48.843" endtime="20201228 22:48:48.843"></status>
</kw>
<kw name="${i} IN [ john | david | smith | scott ]" type="for">
<msg timestamp="20201228 22:48:48.844" level="WARN">Error in file 'C:\Users\vikky\PycharmProjects\Automation\TestCases\ForLoopDemo.robot' in FOR loop starting on line 24: For loop header ': FOR' is deprecated. Use 'FOR' instead.</msg>
<msg timestamp="20201228 22:48:48.846" level="WARN">Error in file 'C:\Users\vikky\PycharmProjects\Automation\TestCases\ForLoopDemo.robot' in FOR loop starting on line 24: Marking for loop body with '\' is deprecated. Remove markers and use 'END' instead.</msg>
<kw name="${i} = john" type="foritem">
<kw name="Log To Console" library="BuiltIn">
<doc>Logs the given message to the console.</doc>
<arguments>
<arg>${i}</arg>
</arguments>
<status status="PASS" starttime="20201228 22:48:48.846" endtime="20201228 22:48:48.847"></status>
</kw>
<status status="PASS" starttime="20201228 22:48:48.846" endtime="20201228 22:48:48.847"></status>
</kw>
<kw name="${i} = david" type="foritem">
<kw name="Log To Console" library="BuiltIn">
<doc>Logs the given message to the console.</doc>
<arguments>
<arg>${i}</arg>
</arguments>
<status status="PASS" starttime="20201228 22:48:48.847" endtime="20201228 22:48:48.848"></status>
</kw>
<status status="PASS" starttime="20201228 22:48:48.847" endtime="20201228 22:48:48.848"></status>
</kw>
<kw name="${i} = smith" type="foritem">
<kw name="Log To Console" library="BuiltIn">
<doc>Logs the given message to the console.</doc>
<arguments>
<arg>${i}</arg>
</arguments>
<status status="PASS" starttime="20201228 22:48:48.848" endtime="20201228 22:48:48.848"></status>
</kw>
<status status="PASS" starttime="20201228 22:48:48.848" endtime="20201228 22:48:48.848"></status>
</kw>
<kw name="${i} = scott" type="foritem">
<kw name="Log To Console" library="BuiltIn">
<doc>Logs the given message to the console.</doc>
<arguments>
<arg>${i}</arg>
</arguments>
<status status="PASS" starttime="20201228 22:48:48.849" endtime="20201228 22:48:48.849"></status>
</kw>
<status status="PASS" starttime="20201228 22:48:48.849" endtime="20201228 22:48:48.849"></status>
</kw>
<status status="PASS" starttime="20201228 22:48:48.844" endtime="20201228 22:48:48.849"></status>
</kw>
<status status="PASS" starttime="20201228 22:48:48.842" endtime="20201228 22:48:48.850" critical="yes"></status>
</test>
<status status="PASS" starttime="20201228 22:48:48.809" endtime="20201228 22:48:48.851"></status>
</suite>
<statistics>
<total>
<stat pass="1" fail="0">Critical Tests</stat>
<stat pass="1" fail="0">All Tests</stat>
</total>
<tag>
</tag>
<suite>
<stat pass="1" fail="0" id="s1" name="ForLoopDemo">ForLoopDemo</stat>
</suite>
</statistics>
<errors>
<msg timestamp="20201228 22:48:48.844" level="WARN">Error in file 'C:\Users\vikky\PycharmProjects\Automation\TestCases\ForLoopDemo.robot' in FOR loop starting on line 24: For loop header ': FOR' is deprecated. Use 'FOR' instead.</msg>
<msg timestamp="20201228 22:48:48.846" level="WARN">Error in file 'C:\Users\vikky\PycharmProjects\Automation\TestCases\ForLoopDemo.robot' in FOR loop starting on line 24: Marking for loop body with '\' is deprecated. Remove markers and use 'END' instead.</msg>
</errors>
</robot>
