<?xml version="1.0" encoding="UTF-8"?>
<robot generator="Robot 3.2.2 (Python 3.9.0 on win32)" generated="20201223 01:22:37.593" rpa="false">
<suite id="s1" name="Dropdown" source="C:\Users\vikky\PycharmProjects\Automation\TestCases\dropdown.robot">
<test id="s1-t1" name="Handling DropDowns and ListsBoxes">
<kw name="Open Browser" library="SeleniumLibrary">
<doc>Opens a new browser instance to the optional ``url``.</doc>
<arguments>
<arg>${url}</arg>
<arg>${browser}</arg>
</arguments>
<msg timestamp="20201223 01:22:37.909" level="INFO">Opening browser 'chrome' to base url 'http://www.practiceselenium.com/practice-form.html'.</msg>
<status status="PASS" starttime="20201223 01:22:37.909" endtime="20201223 01:22:54.127"></status>
</kw>
<kw name="Maximize Browser Window" library="SeleniumLibrary">
<doc>Maximizes current browser window.</doc>
<status status="PASS" starttime="20201223 01:22:54.129" endtime="20201223 01:22:56.311"></status>
</kw>
<kw name="Select From List By Label" library="SeleniumLibrary">
<doc>Selects options from selection list ``locator`` by ``labels``.</doc>
<arguments>
<arg>continents</arg>
<arg>Asia</arg>
</arguments>
<msg timestamp="20201223 01:22:56.312" level="INFO">Selecting options from selection list 'continents' by label Asia.</msg>
<status status="PASS" starttime="20201223 01:22:56.311" endtime="20201223 01:22:56.401"></status>
</kw>
<kw name="Sleep" library="BuiltIn">
<doc>Pauses the test executed for the given time.</doc>
<arguments>
<arg>3</arg>
</arguments>
<msg timestamp="20201223 01:22:59.409" level="INFO">Slept 3 seconds</msg>
<status status="PASS" starttime="20201223 01:22:56.402" endtime="20201223 01:22:59.409"></status>
</kw>
<kw name="Select From List By Index" library="SeleniumLibrary">
<doc>Selects options from selection list ``locator`` by ``indexes``.</doc>
<arguments>
<arg>continents</arg>
<arg>5</arg>
</arguments>
<msg timestamp="20201223 01:22:59.410" level="INFO">Selecting options from selection list 'continents' by index 5.</msg>
<status status="PASS" starttime="20201223 01:22:59.410" endtime="20201223 01:22:59.526"></status>
</kw>
<kw name="Select From List By Label" library="SeleniumLibrary">
<doc>Selects options from selection list ``locator`` by ``labels``.</doc>
<arguments>
<arg>selenium_commands</arg>
<arg>Switch Commands</arg>
</arguments>
<msg timestamp="20201223 01:22:59.528" level="INFO">Selecting options from selection list 'selenium_commands' by label Switch Commands.</msg>
<status status="PASS" starttime="20201223 01:22:59.527" endtime="20201223 01:22:59.625"></status>
</kw>
<kw name="Select From List By Label" library="SeleniumLibrary">
<doc>Selects options from selection list ``locator`` by ``labels``.</doc>
<arguments>
<arg>selenium_commands</arg>
<arg>WebElement Commands</arg>
</arguments>
<msg timestamp="20201223 01:22:59.627" level="INFO">Selecting options from selection list 'selenium_commands' by label WebElement Commands.</msg>
<status status="PASS" starttime="20201223 01:22:59.626" endtime="20201223 01:22:59.705"></status>
</kw>
<kw name="Sleep" library="BuiltIn">
<doc>Pauses the test executed for the given time.</doc>
<arguments>
<arg>3</arg>
</arguments>
<msg timestamp="20201223 01:23:02.712" level="INFO">Slept 3 seconds</msg>
<status status="PASS" starttime="20201223 01:22:59.705" endtime="20201223 01:23:02.712"></status>
</kw>
<kw name="Unselect From List By Label" library="SeleniumLibrary">
<doc>Unselects options from selection list ``locator`` by ``labels``.</doc>
<arguments>
<arg>selenium_commands</arg>
<arg>Switch Commands</arg>
</arguments>
<msg timestamp="20201223 01:23:02.713" level="INFO">Un-selecting options from selection list 'selenium_commands' by label Switch Commands.</msg>
<status status="PASS" starttime="20201223 01:23:02.712" endtime="20201223 01:23:02.795"></status>
</kw>
<kw name="Close Browser" library="SeleniumLibrary">
<doc>Closes the current browser.</doc>
<status status="PASS" starttime="20201223 01:23:02.796" endtime="20201223 01:23:05.220"></status>
</kw>
<status status="PASS" starttime="20201223 01:22:37.909" endtime="20201223 01:23:05.221" critical="yes"></status>
</test>
<status status="PASS" starttime="20201223 01:22:37.595" endtime="20201223 01:23:05.222"></status>
</suite>
<statistics>
<total>
<stat pass="1" fail="0">Critical Tests</stat>
<stat pass="1" fail="0">All Tests</stat>
</total>
<tag>
</tag>
<suite>
<stat pass="1" fail="0" id="s1" name="Dropdown">Dropdown</stat>
</suite>
</statistics>
<errors>
</errors>
</robot>
