<?xml version="1.0" encoding="UTF-8"?>
<robot generator="Robot 3.2.2 (Python 3.9.0 on win32)" generated="20201228 17:13:36.860" rpa="false">
<suite id="s1" name="MouseOperation" source="C:\Users\vikky\PycharmProjects\Automation\TestCases\MouseOperation.robot">
<test id="s1-t1" name="MouseActionsTest">
<kw name="Open Browser" library="SeleniumLibrary">
<doc>Opens a new browser instance to the optional ``url``.</doc>
<arguments>
<arg>https://swisnl.github.io/jQuery-contextMenu/demo.html</arg>
<arg>chrome</arg>
</arguments>
<msg timestamp="20201228 17:13:37.168" level="INFO">Opening browser 'chrome' to base url 'https://swisnl.github.io/jQuery-contextMenu/demo.html'.</msg>
<status status="PASS" starttime="20201228 17:13:37.168" endtime="20201228 17:13:44.017"></status>
</kw>
<kw name="Go To" library="SeleniumLibrary">
<doc>Navigates the current browser window to the provided ``url``.</doc>
<arguments>
<arg>http://www.dhtmlgoodies.com/scripts/drag-drop-custom/demo-drag-drop-3.html</arg>
</arguments>
<msg timestamp="20201228 17:13:44.025" level="INFO">Opening url 'http://www.dhtmlgoodies.com/scripts/drag-drop-custom/demo-drag-drop-3.html'</msg>
<status status="PASS" starttime="20201228 17:13:44.025" endtime="20201228 17:13:46.597"></status>
</kw>
<kw name="Maximize Browser Window" library="SeleniumLibrary">
<doc>Maximizes current browser window.</doc>
<status status="PASS" starttime="20201228 17:13:46.605" endtime="20201228 17:13:48.755"></status>
</kw>
<kw name="Drag And Drop" library="SeleniumLibrary">
<doc>Drags the element identified by ``locator`` into the ``target`` element.</doc>
<arguments>
<arg>id:box6</arg>
<arg>id:box106</arg>
</arguments>
<status status="PASS" starttime="20201228 17:13:48.755" endtime="20201228 17:13:49.340"></status>
</kw>
<kw name="Sleep" library="BuiltIn">
<doc>Pauses the test executed for the given time.</doc>
<arguments>
<arg>5</arg>
</arguments>
<msg timestamp="20201228 17:13:54.349" level="INFO">Slept 5 seconds</msg>
<status status="PASS" starttime="20201228 17:13:49.340" endtime="20201228 17:13:54.349"></status>
</kw>
<kw name="Close Browser" library="SeleniumLibrary">
<doc>Closes the current browser.</doc>
<status status="PASS" starttime="20201228 17:13:54.349" endtime="20201228 17:13:57.407"></status>
</kw>
<status status="PASS" starttime="20201228 17:13:37.168" endtime="20201228 17:13:57.407" critical="yes"></status>
</test>
<status status="PASS" starttime="20201228 17:13:36.860" endtime="20201228 17:13:57.415"></status>
</suite>
<statistics>
<total>
<stat pass="1" fail="0">Critical Tests</stat>
<stat pass="1" fail="0">All Tests</stat>
</total>
<tag>
</tag>
<suite>
<stat pass="1" fail="0" id="s1" name="MouseOperation">MouseOperation</stat>
</suite>
</statistics>
<errors>
</errors>
</robot>
