<?xml version="1.0" encoding="UTF-8"?>
<robot generator="Robot 3.2.2 (Python 3.9.0 on win32)" generated="20201223 18:04:23.208" rpa="false">
<suite id="s1" name="SpeedTest" source="C:\Users\vikky\PycharmProjects\Automation\TestCases\SpeedTest.robot">
<test id="s1-t1" name="RegTest">
<kw name="Get Selenium Speed" library="SeleniumLibrary">
<doc>Gets the delay that is waited after each Selenium command.</doc>
<assign>
<var>${speed}</var>
</assign>
<msg timestamp="20201223 18:04:23.660" level="INFO">${speed} = 0 seconds</msg>
<status status="PASS" starttime="20201223 18:04:23.660" endtime="20201223 18:04:23.660"></status>
</kw>
<kw name="Log To Console" library="BuiltIn">
<doc>Logs the given message to the console.</doc>
<arguments>
<arg>${speed}</arg>
</arguments>
<status status="PASS" starttime="20201223 18:04:23.660" endtime="20201223 18:04:23.660"></status>
</kw>
<kw name="Open Browser" library="SeleniumLibrary">
<doc>Opens a new browser instance to the optional ``url``.</doc>
<arguments>
<arg>http://demowebshop.tricentis.com/register</arg>
<arg>chrome</arg>
</arguments>
<msg timestamp="20201223 18:04:23.660" level="INFO">Opening browser 'chrome' to base url 'http://demowebshop.tricentis.com/register'.</msg>
<status status="PASS" starttime="20201223 18:04:23.660" endtime="20201223 18:04:35.004"></status>
</kw>
<kw name="Maximize Browser Window" library="SeleniumLibrary">
<doc>Maximizes current browser window.</doc>
<status status="PASS" starttime="20201223 18:04:35.004" endtime="20201223 18:04:37.159"></status>
</kw>
<kw name="Set Selenium Speed" library="SeleniumLibrary">
<doc>Sets the delay that is waited after each Selenium command.</doc>
<arguments>
<arg>1</arg>
</arguments>
<status status="PASS" starttime="20201223 18:04:37.159" endtime="20201223 18:04:37.159"></status>
</kw>
<kw name="Select Radio Button" library="SeleniumLibrary">
<doc>Sets the radio button group ``group_name`` to ``value``.</doc>
<arguments>
<arg>Gender</arg>
<arg>M</arg>
</arguments>
<msg timestamp="20201223 18:04:37.159" level="INFO">Selecting 'M' from radio button 'Gender'.</msg>
<status status="PASS" starttime="20201223 18:04:37.159" endtime="20201223 18:04:40.385"></status>
</kw>
<kw name="Input Text" library="SeleniumLibrary">
<doc>Types the given ``text`` into the text field identified by ``locator``.</doc>
<arguments>
<arg>name:FirstName</arg>
<arg>Vikky</arg>
</arguments>
<msg timestamp="20201223 18:04:40.385" level="INFO">Typing text 'Vikky' into text field 'name:FirstName'.</msg>
<status status="PASS" starttime="20201223 18:04:40.385" endtime="20201223 18:04:43.608"></status>
</kw>
<kw name="Input Text" library="SeleniumLibrary">
<doc>Types the given ``text`` into the text field identified by ``locator``.</doc>
<arguments>
<arg>name:LastName</arg>
<arg>Ranjan</arg>
</arguments>
<msg timestamp="20201223 18:04:43.608" level="INFO">Typing text 'Ranjan' into text field 'name:LastName'.</msg>
<status status="PASS" starttime="20201223 18:04:43.608" endtime="20201223 18:04:46.748"></status>
</kw>
<kw name="Input Text" library="SeleniumLibrary">
<doc>Types the given ``text`` into the text field identified by ``locator``.</doc>
<arguments>
<arg>name:Email</arg>
<arg>vikky.ranjan2@gmail.com</arg>
</arguments>
<msg timestamp="20201223 18:04:46.748" level="INFO">Typing text 'vikky.ranjan2@gmail.com' into text field 'name:Email'.</msg>
<status status="PASS" starttime="20201223 18:04:46.748" endtime="20201223 18:04:49.931"></status>
</kw>
<kw name="Input Text" library="SeleniumLibrary">
<doc>Types the given ``text`` into the text field identified by ``locator``.</doc>
<arguments>
<arg>name:Password</arg>
<arg>vikky123</arg>
</arguments>
<msg timestamp="20201223 18:04:49.931" level="INFO">Typing text 'vikky123' into text field 'name:Password'.</msg>
<status status="PASS" starttime="20201223 18:04:49.931" endtime="20201223 18:04:53.107"></status>
</kw>
<kw name="Input Text" library="SeleniumLibrary">
<doc>Types the given ``text`` into the text field identified by ``locator``.</doc>
<arguments>
<arg>name:ConfirmPassword</arg>
<arg>vikky123</arg>
</arguments>
<msg timestamp="20201223 18:04:53.108" level="INFO">Typing text 'vikky123' into text field 'name:ConfirmPassword'.</msg>
<status status="PASS" starttime="20201223 18:04:53.108" endtime="20201223 18:04:56.250"></status>
</kw>
<kw name="Get Selenium Speed" library="SeleniumLibrary">
<doc>Gets the delay that is waited after each Selenium command.</doc>
<assign>
<var>${speed}</var>
</assign>
<msg timestamp="20201223 18:04:56.250" level="INFO">${speed} = 1 second</msg>
<status status="PASS" starttime="20201223 18:04:56.250" endtime="20201223 18:04:56.250"></status>
</kw>
<kw name="Log To Console" library="BuiltIn">
<doc>Logs the given message to the console.</doc>
<arguments>
<arg>${speed}</arg>
</arguments>
<status status="PASS" starttime="20201223 18:04:56.250" endtime="20201223 18:04:56.250"></status>
</kw>
<kw name="Close Browser" library="SeleniumLibrary">
<doc>Closes the current browser.</doc>
<status status="PASS" starttime="20201223 18:04:56.250" endtime="20201223 18:05:00.507"></status>
</kw>
<status status="PASS" starttime="20201223 18:04:23.660" endtime="20201223 18:05:00.507" critical="yes"></status>
</test>
<status status="PASS" starttime="20201223 18:04:23.216" endtime="20201223 18:05:00.507"></status>
</suite>
<statistics>
<total>
<stat pass="1" fail="0">Critical Tests</stat>
<stat pass="1" fail="0">All Tests</stat>
</total>
<tag>
</tag>
<suite>
<stat pass="1" fail="0" id="s1" name="SpeedTest">SpeedTest</stat>
</suite>
</statistics>
<errors>
</errors>
</robot>
