<?xml version="1.0" encoding="UTF-8"?>
<robot generator="Robot 3.2.2 (Python 3.9.0 on win32)" generated="20201228 22:56:20.404" rpa="false">
<suite id="s1" name="ForLoopDemo" source="C:\Users\vikky\PycharmProjects\Automation\TestCases\ForLoopDemo.robot">
<test id="s1-t1" name="Forloop6withExit">
<kw name="Create List" library="BuiltIn">
<doc>Returns a list containing given items.</doc>
<arguments>
<arg>1</arg>
<arg>2</arg>
<arg>3</arg>
<arg>4</arg>
<arg>5</arg>
</arguments>
<assign>
<var>@{items}</var>
</assign>
<msg timestamp="20201228 22:56:20.443" level="INFO">@{items} = [ 1 | 2 | 3 | 4 | 5 ]</msg>
<status status="PASS" starttime="20201228 22:56:20.443" endtime="20201228 22:56:20.443"></status>
</kw>
<kw name="${i} IN [ @{items} ]" type="for">
<msg timestamp="20201228 22:56:20.443" level="WARN">Error in file 'C:\Users\vikky\PycharmProjects\Automation\TestCases\ForLoopDemo.robot' in FOR loop starting on line 29: For loop header ': FOR' is deprecated. Use 'FOR' instead.</msg>
<msg timestamp="20201228 22:56:20.443" level="WARN">Error in file 'C:\Users\vikky\PycharmProjects\Automation\TestCases\ForLoopDemo.robot' in FOR loop starting on line 29: Marking for loop body with '\' is deprecated. Remove markers and use 'END' instead.</msg>
<kw name="${i} = 1" type="foritem">
<kw name="Log To Console" library="BuiltIn">
<doc>Logs the given message to the console.</doc>
<arguments>
<arg>${i}</arg>
</arguments>
<status status="PASS" starttime="20201228 22:56:20.443" endtime="20201228 22:56:20.443"></status>
</kw>
<status status="PASS" starttime="20201228 22:56:20.443" endtime="20201228 22:56:20.443"></status>
</kw>
<kw name="${i} = 2" type="foritem">
<kw name="Log To Console" library="BuiltIn">
<doc>Logs the given message to the console.</doc>
<arguments>
<arg>${i}</arg>
</arguments>
<status status="PASS" starttime="20201228 22:56:20.443" endtime="20201228 22:56:20.443"></status>
</kw>
<status status="PASS" starttime="20201228 22:56:20.443" endtime="20201228 22:56:20.443"></status>
</kw>
<kw name="${i} = 3" type="foritem">
<kw name="Log To Console" library="BuiltIn">
<doc>Logs the given message to the console.</doc>
<arguments>
<arg>${i}</arg>
</arguments>
<status status="PASS" starttime="20201228 22:56:20.443" endtime="20201228 22:56:20.451"></status>
</kw>
<status status="PASS" starttime="20201228 22:56:20.443" endtime="20201228 22:56:20.451"></status>
</kw>
<kw name="${i} = 4" type="foritem">
<kw name="Log To Console" library="BuiltIn">
<doc>Logs the given message to the console.</doc>
<arguments>
<arg>${i}</arg>
</arguments>
<status status="PASS" starttime="20201228 22:56:20.451" endtime="20201228 22:56:20.451"></status>
</kw>
<status status="PASS" starttime="20201228 22:56:20.451" endtime="20201228 22:56:20.451"></status>
</kw>
<kw name="${i} = 5" type="foritem">
<kw name="Log To Console" library="BuiltIn">
<doc>Logs the given message to the console.</doc>
<arguments>
<arg>${i}</arg>
</arguments>
<status status="PASS" starttime="20201228 22:56:20.451" endtime="20201228 22:56:20.451"></status>
</kw>
<status status="PASS" starttime="20201228 22:56:20.451" endtime="20201228 22:56:20.451"></status>
</kw>
<status status="PASS" starttime="20201228 22:56:20.443" endtime="20201228 22:56:20.451"></status>
</kw>
<status status="PASS" starttime="20201228 22:56:20.443" endtime="20201228 22:56:20.451" critical="yes"></status>
</test>
<status status="PASS" starttime="20201228 22:56:20.411" endtime="20201228 22:56:20.451"></status>
</suite>
<statistics>
<total>
<stat pass="1" fail="0">Critical Tests</stat>
<stat pass="1" fail="0">All Tests</stat>
</total>
<tag>
</tag>
<suite>
<stat pass="1" fail="0" id="s1" name="ForLoopDemo">ForLoopDemo</stat>
</suite>
</statistics>
<errors>
<msg timestamp="20201228 22:56:20.443" level="WARN">Error in file 'C:\Users\vikky\PycharmProjects\Automation\TestCases\ForLoopDemo.robot' in FOR loop starting on line 29: For loop header ': FOR' is deprecated. Use 'FOR' instead.</msg>
<msg timestamp="20201228 22:56:20.443" level="WARN">Error in file 'C:\Users\vikky\PycharmProjects\Automation\TestCases\ForLoopDemo.robot' in FOR loop starting on line 29: Marking for loop body with '\' is deprecated. Remove markers and use 'END' instead.</msg>
</errors>
</robot>
