<?xml version="1.0" encoding="UTF-8"?>
<robot generator="Robot 3.2.2 (Python 3.9.0 on win32)" generated="20201223 19:16:24.704" rpa="false">
<suite id="s1" name="TimeoutTest" source="C:\Users\vikky\PycharmProjects\Automation\TestCases\TimeoutTest.robot">
<test id="s1-t1" name="RegTest">
<kw name="Open Browser" library="SeleniumLibrary">
<doc>Opens a new browser instance to the optional ``url``.</doc>
<arguments>
<arg>http://demowebshop.tricentis.com/register</arg>
<arg>chrome</arg>
</arguments>
<msg timestamp="20201223 19:16:25.065" level="INFO">Opening browser 'chrome' to base url 'http://demowebshop.tricentis.com/register'.</msg>
<status status="PASS" starttime="20201223 19:16:25.065" endtime="20201223 19:16:44.997"></status>
</kw>
<kw name="Maximize Browser Window" library="SeleniumLibrary">
<doc>Maximizes current browser window.</doc>
<status status="PASS" starttime="20201223 19:16:44.997" endtime="20201223 19:16:47.665"></status>
</kw>
<kw name="Wait Until Page Contains" library="SeleniumLibrary">
<doc>Waits until ``text`` appears on the current page.</doc>
<arguments>
<arg>Registration</arg>
</arguments>
<kw name="Capture Page Screenshot" library="SeleniumLibrary">
<doc>Takes a screenshot of the current page and embeds it into a log file.</doc>
<msg timestamp="20201223 19:16:53.404" level="INFO" html="yes">&lt;/td&gt;&lt;/tr&gt;&lt;tr&gt;&lt;td colspan="3"&gt;&lt;a href="selenium-screenshot-13.png"&gt;&lt;img src="selenium-screenshot-13.png" width="800px"&gt;&lt;/a&gt;</msg>
<status status="PASS" starttime="20201223 19:16:52.746" endtime="20201223 19:16:53.404"></status>
</kw>
<msg timestamp="20201223 19:16:54.607" level="FAIL">Text 'Registration' did not appear in 5 seconds.</msg>
<status status="FAIL" starttime="20201223 19:16:47.665" endtime="20201223 19:16:54.607"></status>
</kw>
<status status="FAIL" starttime="20201223 19:16:25.065" endtime="20201223 19:16:54.607" critical="yes">Text 'Registration' did not appear in 5 seconds.</status>
</test>
<status status="FAIL" starttime="20201223 19:16:24.704" endtime="20201223 19:16:54.607"></status>
</suite>
<statistics>
<total>
<stat pass="0" fail="1">Critical Tests</stat>
<stat pass="0" fail="1">All Tests</stat>
</total>
<tag>
</tag>
<suite>
<stat pass="0" fail="1" id="s1" name="TimeoutTest">TimeoutTest</stat>
</suite>
</statistics>
<errors>
</errors>
</robot>
