<?xml version="1.0" encoding="UTF-8"?>
<robot generator="Robot 3.2.2 (Python 3.9.0 on win32)" generated="20201224 01:37:33.565" rpa="false">
<suite id="s1" name="Alerts" source="C:\Users\vikky\PycharmProjects\Automation\TestCases\Alerts.robot">
<test id="s1-t1" name="HandlingAlerts">
<kw name="Open Browser" library="SeleniumLibrary">
<doc>Opens a new browser instance to the optional ``url``.</doc>
<arguments>
<arg>https://testautomationpractice.blogspot.com/</arg>
<arg>chrome</arg>
</arguments>
<msg timestamp="20201224 01:37:33.881" level="INFO">Opening browser 'chrome' to base url 'https://testautomationpractice.blogspot.com/'.</msg>
<status status="PASS" starttime="20201224 01:37:33.881" endtime="20201224 01:37:46.420"></status>
</kw>
<kw name="Click Element" library="SeleniumLibrary">
<doc>Click the element identified by ``locator``.</doc>
<arguments>
<arg>xpath://*[@id="HTML9"]/div[1]/button</arg>
</arguments>
<msg timestamp="20201224 01:37:46.421" level="INFO">Clicking element 'xpath://*[@id="HTML9"]/div[1]/button'.</msg>
<status status="PASS" starttime="20201224 01:37:46.421" endtime="20201224 01:37:46.507"></status>
</kw>
<kw name="Sleep" library="BuiltIn">
<doc>Pauses the test executed for the given time.</doc>
<arguments>
<arg>3</arg>
</arguments>
<msg timestamp="20201224 01:37:49.519" level="INFO">Slept 3 seconds</msg>
<status status="PASS" starttime="20201224 01:37:46.507" endtime="20201224 01:37:49.519"></status>
</kw>
<kw name="Handle Alert" library="SeleniumLibrary">
<doc>Handles the current alert and returns its message.</doc>
<arguments>
<arg>leave</arg>
</arguments>
<status status="PASS" starttime="20201224 01:37:49.520" endtime="20201224 01:37:49.523"></status>
</kw>
<kw name="Sleep" library="BuiltIn">
<doc>Pauses the test executed for the given time.</doc>
<arguments>
<arg>2</arg>
</arguments>
<msg timestamp="20201224 01:37:51.539" level="INFO">Slept 2 seconds</msg>
<status status="PASS" starttime="20201224 01:37:49.524" endtime="20201224 01:37:51.539"></status>
</kw>
<kw name="Close All Browsers" library="SeleniumLibrary">
<doc>Closes all open browsers and resets the browser cache.</doc>
<status status="PASS" starttime="20201224 01:37:51.540" endtime="20201224 01:37:55.270"></status>
</kw>
<status status="PASS" starttime="20201224 01:37:33.880" endtime="20201224 01:37:55.271" critical="yes"></status>
</test>
<status status="PASS" starttime="20201224 01:37:33.567" endtime="20201224 01:37:55.273"></status>
</suite>
<statistics>
<total>
<stat pass="1" fail="0">Critical Tests</stat>
<stat pass="1" fail="0">All Tests</stat>
</total>
<tag>
</tag>
<suite>
<stat pass="1" fail="0" id="s1" name="Alerts">Alerts</stat>
</suite>
</statistics>
<errors>
</errors>
</robot>
