<?xml version="1.0" encoding="UTF-8"?>
<robot generator="Robot 3.2.2 (Python 3.9.0 on win32)" generated="20201223 17:25:49.630" rpa="false">
<suite id="s1" name="SpeedTest" source="C:\Users\vikky\PycharmProjects\Automation\TestCases\SpeedTest.robot">
<test id="s1-t1" name="RegTest">
<kw name="Open Browser" library="SeleniumLibrary">
<doc>Opens a new browser instance to the optional ``url``.</doc>
<arguments>
<arg>http://demowebshop.tricentis.com/register</arg>
<arg>chrome</arg>
</arguments>
<msg timestamp="20201223 17:25:49.933" level="INFO">Opening browser 'chrome' to base url 'http://demowebshop.tricentis.com/register'.</msg>
<status status="PASS" starttime="20201223 17:25:49.925" endtime="20201223 17:25:58.194"></status>
</kw>
<kw name="Maximize Browser Window" library="SeleniumLibrary">
<doc>Maximizes current browser window.</doc>
<status status="PASS" starttime="20201223 17:25:58.194" endtime="20201223 17:26:00.350"></status>
</kw>
<kw name="Sleep" library="BuiltIn">
<doc>Pauses the test executed for the given time.</doc>
<arguments>
<arg>1</arg>
</arguments>
<msg timestamp="20201223 17:26:01.365" level="INFO">Slept 1 second</msg>
<status status="PASS" starttime="20201223 17:26:00.350" endtime="20201223 17:26:01.365"></status>
</kw>
<kw name="Select Radio Button" library="SeleniumLibrary">
<doc>Sets the radio button group ``group_name`` to ``value``.</doc>
<arguments>
<arg>Gender</arg>
<arg>M</arg>
</arguments>
<msg timestamp="20201223 17:26:01.365" level="INFO">Selecting 'M' from radio button 'Gender'.</msg>
<status status="PASS" starttime="20201223 17:26:01.365" endtime="20201223 17:26:01.437"></status>
</kw>
<kw name="Input Text" library="SeleniumLibrary">
<doc>Types the given ``text`` into the text field identified by ``locator``.</doc>
<arguments>
<arg>name:FirstName</arg>
<arg>Vikky</arg>
</arguments>
<msg timestamp="20201223 17:26:01.445" level="INFO">Typing text 'Vikky' into text field 'name:FirstName'.</msg>
<status status="PASS" starttime="20201223 17:26:01.445" endtime="20201223 17:26:01.565"></status>
</kw>
<kw name="Input Text" library="SeleniumLibrary">
<doc>Types the given ``text`` into the text field identified by ``locator``.</doc>
<arguments>
<arg>name:LastName</arg>
<arg>Ranjan</arg>
</arguments>
<msg timestamp="20201223 17:26:01.565" level="INFO">Typing text 'Ranjan' into text field 'name:LastName'.</msg>
<status status="PASS" starttime="20201223 17:26:01.565" endtime="20201223 17:26:01.685"></status>
</kw>
<kw name="Input Text" library="SeleniumLibrary">
<doc>Types the given ``text`` into the text field identified by ``locator``.</doc>
<arguments>
<arg>name:Email</arg>
<arg>vikky.ranjan2@gmail.com</arg>
</arguments>
<msg timestamp="20201223 17:26:01.685" level="INFO">Typing text 'vikky.ranjan2@gmail.com' into text field 'name:Email'.</msg>
<status status="PASS" starttime="20201223 17:26:01.685" endtime="20201223 17:26:01.845"></status>
</kw>
<kw name="Input Text" library="SeleniumLibrary">
<doc>Types the given ``text`` into the text field identified by ``locator``.</doc>
<arguments>
<arg>name:Password</arg>
<arg>vikky123</arg>
</arguments>
<msg timestamp="20201223 17:26:01.845" level="INFO">Typing text 'vikky123' into text field 'name:Password'.</msg>
<status status="PASS" starttime="20201223 17:26:01.845" endtime="20201223 17:26:01.973"></status>
</kw>
<kw name="Input Text" library="SeleniumLibrary">
<doc>Types the given ``text`` into the text field identified by ``locator``.</doc>
<arguments>
<arg>name:ConfirmPassword</arg>
<arg>vikky123</arg>
</arguments>
<msg timestamp="20201223 17:26:01.973" level="INFO">Typing text 'vikky123' into text field 'name:ConfirmPassword'.</msg>
<status status="PASS" starttime="20201223 17:26:01.973" endtime="20201223 17:26:02.093"></status>
</kw>
<kw name="Close Browser" library="SeleniumLibrary">
<doc>Closes the current browser.</doc>
<status status="PASS" starttime="20201223 17:26:02.093" endtime="20201223 17:26:04.856"></status>
</kw>
<status status="PASS" starttime="20201223 17:25:49.925" endtime="20201223 17:26:04.856" critical="yes"></status>
</test>
<status status="PASS" starttime="20201223 17:25:49.630" endtime="20201223 17:26:04.864"></status>
</suite>
<statistics>
<total>
<stat pass="1" fail="0">Critical Tests</stat>
<stat pass="1" fail="0">All Tests</stat>
</total>
<tag>
</tag>
<suite>
<stat pass="1" fail="0" id="s1" name="SpeedTest">SpeedTest</stat>
</suite>
</statistics>
<errors>
</errors>
</robot>
