<?xml version="1.0" encoding="UTF-8"?>
<robot generator="Robot 3.2.2 (Python 3.9.0 on win32)" generated="20201224 01:30:53.080" rpa="false">
<suite id="s1" name="Alerts" source="C:\Users\vikky\PycharmProjects\Automation\TestCases\Alerts.robot">
<test id="s1-t1" name="HandlingAlerts">
<kw name="Open Browser" library="SeleniumLibrary">
<doc>Opens a new browser instance to the optional ``url``.</doc>
<arguments>
<arg>https://testautomationpractice.blogspot.com/</arg>
<arg>chrome</arg>
</arguments>
<msg timestamp="20201224 01:30:53.380" level="INFO">Opening browser 'chrome' to base url 'https://testautomationpractice.blogspot.com/'.</msg>
<status status="PASS" starttime="20201224 01:30:53.380" endtime="20201224 01:31:07.750"></status>
</kw>
<kw name="Click Element" library="SeleniumLibrary">
<doc>Click the element identified by ``locator``.</doc>
<arguments>
<arg>xpath://*[@id="HTML9"]/div[1]/button</arg>
</arguments>
<msg timestamp="20201224 01:31:07.751" level="INFO">Clicking element 'xpath://*[@id="HTML9"]/div[1]/button'.</msg>
<status status="PASS" starttime="20201224 01:31:07.751" endtime="20201224 01:31:08.316"></status>
</kw>
<kw name="Sleep" library="BuiltIn">
<doc>Pauses the test executed for the given time.</doc>
<arguments>
<arg>3</arg>
</arguments>
<msg timestamp="20201224 01:31:11.321" level="INFO">Slept 3 seconds</msg>
<status status="PASS" starttime="20201224 01:31:08.317" endtime="20201224 01:31:11.321"></status>
</kw>
<kw name="Handle Alert" library="SeleniumLibrary">
<doc>Handles the current alert and returns its message.</doc>
<arguments>
<arg>accept</arg>
</arguments>
<status status="PASS" starttime="20201224 01:31:11.322" endtime="20201224 01:31:11.328"></status>
</kw>
<status status="PASS" starttime="20201224 01:30:53.379" endtime="20201224 01:31:11.328" critical="yes"></status>
</test>
<status status="PASS" starttime="20201224 01:30:53.082" endtime="20201224 01:31:11.331"></status>
</suite>
<statistics>
<total>
<stat pass="1" fail="0">Critical Tests</stat>
<stat pass="1" fail="0">All Tests</stat>
</total>
<tag>
</tag>
<suite>
<stat pass="1" fail="0" id="s1" name="Alerts">Alerts</stat>
</suite>
</statistics>
<errors>
</errors>
</robot>
