<?xml version="1.0" encoding="UTF-8"?>
<robot generator="Robot 3.2.2 (Python 3.9.0 on win32)" generated="20201228 20:48:07.132" rpa="false">
<suite id="s1" name="ForLoopDemo" source="C:\Users\vikky\PycharmProjects\Automation\TestCases\ForLoopDemo.robot">
<test id="s1-t1" name="Forloop1">
<kw name="${i} IN RANGE [ 1 | 10 ]" type="for">
<msg timestamp="20201228 20:48:07.170" level="WARN">Error in file 'C:\Users\vikky\PycharmProjects\Automation\TestCases\ForLoopDemo.robot' in FOR loop starting on line 4: For loop header ': FOR' is deprecated. Use 'FOR' instead.</msg>
<msg timestamp="20201228 20:48:07.171" level="WARN">Error in file 'C:\Users\vikky\PycharmProjects\Automation\TestCases\ForLoopDemo.robot' in FOR loop starting on line 4: Marking for loop body with '\' is deprecated. Remove markers and use 'END' instead.</msg>
<kw name="${i} = 1" type="foritem">
<kw name="Log To Console" library="BuiltIn">
<doc>Logs the given message to the console.</doc>
<arguments>
<arg>${i}</arg>
</arguments>
<status status="PASS" starttime="20201228 20:48:07.173" endtime="20201228 20:48:07.173"></status>
</kw>
<status status="PASS" starttime="20201228 20:48:07.172" endtime="20201228 20:48:07.174"></status>
</kw>
<kw name="${i} = 2" type="foritem">
<kw name="Log To Console" library="BuiltIn">
<doc>Logs the given message to the console.</doc>
<arguments>
<arg>${i}</arg>
</arguments>
<status status="PASS" starttime="20201228 20:48:07.174" endtime="20201228 20:48:07.175"></status>
</kw>
<status status="PASS" starttime="20201228 20:48:07.174" endtime="20201228 20:48:07.175"></status>
</kw>
<kw name="${i} = 3" type="foritem">
<kw name="Log To Console" library="BuiltIn">
<doc>Logs the given message to the console.</doc>
<arguments>
<arg>${i}</arg>
</arguments>
<status status="PASS" starttime="20201228 20:48:07.175" endtime="20201228 20:48:07.175"></status>
</kw>
<status status="PASS" starttime="20201228 20:48:07.175" endtime="20201228 20:48:07.175"></status>
</kw>
<kw name="${i} = 4" type="foritem">
<kw name="Log To Console" library="BuiltIn">
<doc>Logs the given message to the console.</doc>
<arguments>
<arg>${i}</arg>
</arguments>
<status status="PASS" starttime="20201228 20:48:07.175" endtime="20201228 20:48:07.175"></status>
</kw>
<status status="PASS" starttime="20201228 20:48:07.175" endtime="20201228 20:48:07.175"></status>
</kw>
<kw name="${i} = 5" type="foritem">
<kw name="Log To Console" library="BuiltIn">
<doc>Logs the given message to the console.</doc>
<arguments>
<arg>${i}</arg>
</arguments>
<status status="PASS" starttime="20201228 20:48:07.176" endtime="20201228 20:48:07.176"></status>
</kw>
<status status="PASS" starttime="20201228 20:48:07.176" endtime="20201228 20:48:07.176"></status>
</kw>
<kw name="${i} = 6" type="foritem">
<kw name="Log To Console" library="BuiltIn">
<doc>Logs the given message to the console.</doc>
<arguments>
<arg>${i}</arg>
</arguments>
<status status="PASS" starttime="20201228 20:48:07.176" endtime="20201228 20:48:07.177"></status>
</kw>
<status status="PASS" starttime="20201228 20:48:07.176" endtime="20201228 20:48:07.177"></status>
</kw>
<kw name="${i} = 7" type="foritem">
<kw name="Log To Console" library="BuiltIn">
<doc>Logs the given message to the console.</doc>
<arguments>
<arg>${i}</arg>
</arguments>
<status status="PASS" starttime="20201228 20:48:07.177" endtime="20201228 20:48:07.179"></status>
</kw>
<status status="PASS" starttime="20201228 20:48:07.177" endtime="20201228 20:48:07.179"></status>
</kw>
<kw name="${i} = 8" type="foritem">
<kw name="Log To Console" library="BuiltIn">
<doc>Logs the given message to the console.</doc>
<arguments>
<arg>${i}</arg>
</arguments>
<status status="PASS" starttime="20201228 20:48:07.179" endtime="20201228 20:48:07.180"></status>
</kw>
<status status="PASS" starttime="20201228 20:48:07.179" endtime="20201228 20:48:07.180"></status>
</kw>
<kw name="${i} = 9" type="foritem">
<kw name="Log To Console" library="BuiltIn">
<doc>Logs the given message to the console.</doc>
<arguments>
<arg>${i}</arg>
</arguments>
<status status="PASS" starttime="20201228 20:48:07.180" endtime="20201228 20:48:07.181"></status>
</kw>
<status status="PASS" starttime="20201228 20:48:07.180" endtime="20201228 20:48:07.181"></status>
</kw>
<status status="PASS" starttime="20201228 20:48:07.170" endtime="20201228 20:48:07.181"></status>
</kw>
<status status="PASS" starttime="20201228 20:48:07.169" endtime="20201228 20:48:07.182" critical="yes"></status>
</test>
<status status="PASS" starttime="20201228 20:48:07.134" endtime="20201228 20:48:07.183"></status>
</suite>
<statistics>
<total>
<stat pass="1" fail="0">Critical Tests</stat>
<stat pass="1" fail="0">All Tests</stat>
</total>
<tag>
</tag>
<suite>
<stat pass="1" fail="0" id="s1" name="ForLoopDemo">ForLoopDemo</stat>
</suite>
</statistics>
<errors>
<msg timestamp="20201228 20:48:07.170" level="WARN">Error in file 'C:\Users\vikky\PycharmProjects\Automation\TestCases\ForLoopDemo.robot' in FOR loop starting on line 4: For loop header ': FOR' is deprecated. Use 'FOR' instead.</msg>
<msg timestamp="20201228 20:48:07.171" level="WARN">Error in file 'C:\Users\vikky\PycharmProjects\Automation\TestCases\ForLoopDemo.robot' in FOR loop starting on line 4: Marking for loop body with '\' is deprecated. Remove markers and use 'END' instead.</msg>
</errors>
</robot>
