<?xml version="1.0" encoding="UTF-8"?>
<robot generator="Robot 3.2.2 (Python 3.9.0 on win32)" generated="20201228 18:13:29.362" rpa="false">
<suite id="s1" name="Userkeywords" source="C:\Users\vikky\PycharmProjects\Automation\TestCases\Userkeywords.robot">
<test id="s1-t1" name="TC1">
<kw name="launchBrowser">
<kw name="Open Browser" library="SeleniumLibrary">
<doc>Opens a new browser instance to the optional ``url``.</doc>
<arguments>
<arg>${url}</arg>
<arg>${browser}</arg>
</arguments>
<msg timestamp="20201228 18:13:29.692" level="INFO">Opening browser 'chrome' to base url 'https://www.facebook.com/'.</msg>
<status status="PASS" starttime="20201228 18:13:29.692" endtime="20201228 18:13:38.098"></status>
</kw>
<kw name="Maximize Browser Window" library="SeleniumLibrary">
<doc>Maximizes current browser window.</doc>
<status status="PASS" starttime="20201228 18:13:38.106" endtime="20201228 18:13:40.290"></status>
</kw>
<status status="PASS" starttime="20201228 18:13:29.692" endtime="20201228 18:13:40.290"></status>
</kw>
<kw name="Input Text" library="SeleniumLibrary">
<doc>Types the given ``text`` into the text field identified by ``locator``.</doc>
<arguments>
<arg>name:email</arg>
<arg>mercury</arg>
</arguments>
<msg timestamp="20201228 18:13:40.290" level="INFO">Typing text 'mercury' into text field 'name:email'.</msg>
<status status="PASS" starttime="20201228 18:13:40.290" endtime="20201228 18:13:40.402"></status>
</kw>
<kw name="Input Text" library="SeleniumLibrary">
<doc>Types the given ``text`` into the text field identified by ``locator``.</doc>
<arguments>
<arg>name:pass</arg>
<arg>mercury</arg>
</arguments>
<msg timestamp="20201228 18:13:40.402" level="INFO">Typing text 'mercury' into text field 'name:pass'.</msg>
<status status="PASS" starttime="20201228 18:13:40.402" endtime="20201228 18:13:40.538"></status>
</kw>
<kw name="Close Browser" library="SeleniumLibrary">
<doc>Closes the current browser.</doc>
<status status="PASS" starttime="20201228 18:13:40.538" endtime="20201228 18:13:43.243"></status>
</kw>
<status status="PASS" starttime="20201228 18:13:29.692" endtime="20201228 18:13:43.244" critical="yes"></status>
</test>
<status status="PASS" starttime="20201228 18:13:29.373" endtime="20201228 18:13:43.245"></status>
</suite>
<statistics>
<total>
<stat pass="1" fail="0">Critical Tests</stat>
<stat pass="1" fail="0">All Tests</stat>
</total>
<tag>
</tag>
<suite>
<stat pass="1" fail="0" id="s1" name="Userkeywords">Userkeywords</stat>
</suite>
</statistics>
<errors>
</errors>
</robot>
