<?xml version="1.0" encoding="UTF-8"?>
<robot generator="Robot 3.2.2 (Python 3.9.0 on win32)" generated="20201223 19:09:22.283" rpa="false">
<suite id="s1" name="TimeoutTest" source="C:\Users\vikky\PycharmProjects\Automation\TestCases\TimeoutTest.robot">
<test id="s1-t1" name="RegTest">
<kw name="Open Browser" library="SeleniumLibrary">
<doc>Opens a new browser instance to the optional ``url``.</doc>
<arguments>
<arg>http://demowebshop.tricentis.com/register</arg>
<arg>chrome</arg>
</arguments>
<msg timestamp="20201223 19:09:22.586" level="INFO">Opening browser 'chrome' to base url 'http://demowebshop.tricentis.com/register'.</msg>
<status status="PASS" starttime="20201223 19:09:22.586" endtime="20201223 19:09:30.066"></status>
</kw>
<kw name="Maximize Browser Window" library="SeleniumLibrary">
<doc>Maximizes current browser window.</doc>
<status status="PASS" starttime="20201223 19:09:30.066" endtime="20201223 19:09:32.226"></status>
</kw>
<kw name="Wait Until Page Contains" library="SeleniumLibrary">
<doc>Waits until ``text`` appears on the current page.</doc>
<arguments>
<arg>Register</arg>
</arguments>
<status status="PASS" starttime="20201223 19:09:32.227" endtime="20201223 19:09:32.243"></status>
</kw>
<kw name="Select Radio Button" library="SeleniumLibrary">
<doc>Sets the radio button group ``group_name`` to ``value``.</doc>
<arguments>
<arg>Gender</arg>
<arg>M</arg>
</arguments>
<msg timestamp="20201223 19:09:32.243" level="INFO">Selecting 'M' from radio button 'Gender'.</msg>
<status status="PASS" starttime="20201223 19:09:32.243" endtime="20201223 19:09:32.328"></status>
</kw>
<kw name="Input Text" library="SeleniumLibrary">
<doc>Types the given ``text`` into the text field identified by ``locator``.</doc>
<arguments>
<arg>name:FirstName</arg>
<arg>Vikky</arg>
</arguments>
<msg timestamp="20201223 19:09:32.328" level="INFO">Typing text 'Vikky' into text field 'name:FirstName'.</msg>
<status status="PASS" starttime="20201223 19:09:32.328" endtime="20201223 19:09:32.465"></status>
</kw>
<kw name="Input Text" library="SeleniumLibrary">
<doc>Types the given ``text`` into the text field identified by ``locator``.</doc>
<arguments>
<arg>name:LastName</arg>
<arg>Ranjan</arg>
</arguments>
<msg timestamp="20201223 19:09:32.465" level="INFO">Typing text 'Ranjan' into text field 'name:LastName'.</msg>
<status status="PASS" starttime="20201223 19:09:32.465" endtime="20201223 19:09:32.602"></status>
</kw>
<kw name="Input Text" library="SeleniumLibrary">
<doc>Types the given ``text`` into the text field identified by ``locator``.</doc>
<arguments>
<arg>name:Email</arg>
<arg>vikky.ranjan2@gmail.com</arg>
</arguments>
<msg timestamp="20201223 19:09:32.602" level="INFO">Typing text 'vikky.ranjan2@gmail.com' into text field 'name:Email'.</msg>
<status status="PASS" starttime="20201223 19:09:32.602" endtime="20201223 19:09:32.762"></status>
</kw>
<kw name="Input Text" library="SeleniumLibrary">
<doc>Types the given ``text`` into the text field identified by ``locator``.</doc>
<arguments>
<arg>name:Password</arg>
<arg>vikky123</arg>
</arguments>
<msg timestamp="20201223 19:09:32.770" level="INFO">Typing text 'vikky123' into text field 'name:Password'.</msg>
<status status="PASS" starttime="20201223 19:09:32.770" endtime="20201223 19:09:32.898"></status>
</kw>
<kw name="Input Text" library="SeleniumLibrary">
<doc>Types the given ``text`` into the text field identified by ``locator``.</doc>
<arguments>
<arg>name:ConfirmPassword</arg>
<arg>vikky123</arg>
</arguments>
<msg timestamp="20201223 19:09:32.898" level="INFO">Typing text 'vikky123' into text field 'name:ConfirmPassword'.</msg>
<status status="PASS" starttime="20201223 19:09:32.898" endtime="20201223 19:09:33.026"></status>
</kw>
<kw name="Close Browser" library="SeleniumLibrary">
<doc>Closes the current browser.</doc>
<status status="PASS" starttime="20201223 19:09:33.026" endtime="20201223 19:09:36.657"></status>
</kw>
<status status="PASS" starttime="20201223 19:09:22.586" endtime="20201223 19:09:36.657" critical="yes"></status>
</test>
<status status="PASS" starttime="20201223 19:09:22.283" endtime="20201223 19:09:36.664"></status>
</suite>
<statistics>
<total>
<stat pass="1" fail="0">Critical Tests</stat>
<stat pass="1" fail="0">All Tests</stat>
</total>
<tag>
</tag>
<suite>
<stat pass="1" fail="0" id="s1" name="TimeoutTest">TimeoutTest</stat>
</suite>
</statistics>
<errors>
</errors>
</robot>
