<?xml version="1.0" encoding="UTF-8"?>
<robot generator="Robot 3.2.2 (Python 3.9.0 on win32)" generated="20201222 12:24:26.668" rpa="false">
<suite id="s1" name="TC1" source="C:\Users\vikky\PycharmProjects\Automation\TestCases\TC1.robot">
<test id="s1-t1" name="Test">
<kw name="Create Webdriver" library="SeleniumLibrary">
<doc>Creates an instance of Selenium WebDriver.</doc>
<arguments>
<arg>chrome</arg>
<arg>chrome"E:\Softy $ Drivers\chromedriver_win32/chromedriver.exe"</arg>
</arguments>
<msg timestamp="20201222 12:24:26.956" level="INFO">Creating an instance of the chrome WebDriver.</msg>
<kw name="Capture Page Screenshot" library="SeleniumLibrary">
<doc>Takes a screenshot of the current page and embeds it into a log file.</doc>
<msg timestamp="20201222 12:24:26.956" level="INFO">Cannot capture screenshot because no browser is open.</msg>
<status status="PASS" starttime="20201222 12:24:26.956" endtime="20201222 12:24:26.956"></status>
</kw>
<msg timestamp="20201222 12:24:26.956" level="FAIL">TypeError: 'module' object is not callable</msg>
<status status="FAIL" starttime="20201222 12:24:26.956" endtime="20201222 12:24:26.956"></status>
</kw>
<status status="FAIL" starttime="20201222 12:24:26.956" endtime="20201222 12:24:26.956" critical="yes">TypeError: 'module' object is not callable</status>
</test>
<status status="FAIL" starttime="20201222 12:24:26.676" endtime="20201222 12:24:26.964"></status>
</suite>
<statistics>
<total>
<stat pass="0" fail="1">Critical Tests</stat>
<stat pass="0" fail="1">All Tests</stat>
</total>
<tag>
</tag>
<suite>
<stat pass="0" fail="1" id="s1" name="TC1">TC1</stat>
</suite>
</statistics>
<errors>
</errors>
</robot>
